{"/home/travis/build/npmtest/node-npmtest-recess/test.js":{"path":"/home/travis/build/npmtest/node-npmtest-recess/test.js","s":{"1":2,"2":2,"3":2,"4":2,"5":2,"6":2,"7":2,"8":1,"9":2,"10":2,"11":1,"12":1,"13":1,"14":1,"15":2,"16":2,"17":2,"18":2,"19":1,"20":1,"21":2,"22":2,"23":2,"24":1,"25":1,"26":1,"27":1,"28":1,"29":1,"30":1,"31":1,"32":1,"33":1,"34":1,"35":1,"36":1,"37":1,"38":1,"39":2,"40":2,"41":1,"42":2,"43":2,"44":1,"45":2,"46":2,"47":1,"48":2,"49":2,"50":1,"51":1,"52":1,"53":1,"54":1},"b":{"1":[2,1,1,1],"2":[1,1,1,1],"3":[1,1],"4":[1,1],"5":[1,1],"6":[1,1],"7":[1,1],"8":[1,1],"9":[1,1],"10":[1,1,1],"11":[1,1],"12":[1,1],"13":[1,1],"14":[1,1],"15":[1,1],"16":[1,1],"17":[1,1]},"f":{"1":2,"2":2,"3":2,"4":2,"5":2,"6":1,"7":1,"8":1,"9":2,"10":2,"11":2,"12":2,"13":1},"fnMap":{"1":{"name":"(anonymous_1)","line":12,"loc":{"start":{"line":12,"column":1},"end":{"line":12,"column":13}}},"2":{"name":"(anonymous_2)","line":19,"loc":{"start":{"line":19,"column":5},"end":{"line":19,"column":17}}},"3":{"name":"(anonymous_3)","line":23,"loc":{"start":{"line":23,"column":24},"end":{"line":23,"column":36}}},"4":{"name":"(anonymous_4)","line":61,"loc":{"start":{"line":61,"column":5},"end":{"line":61,"column":17}}},"5":{"name":"(anonymous_5)","line":82,"loc":{"start":{"line":82,"column":5},"end":{"line":82,"column":17}}},"6":{"name":"(anonymous_6)","line":91,"loc":{"start":{"line":91,"column":77},"end":{"line":94,"column":10}}},"7":{"name":"(anonymous_7)","line":112,"loc":{"start":{"line":112,"column":83},"end":{"line":115,"column":10}},"skip":true},"8":{"name":"(anonymous_8)","line":123,"loc":{"start":{"line":123,"column":77},"end":{"line":126,"column":10}},"skip":true},"9":{"name":"(anonymous_9)","line":139,"loc":{"start":{"line":139,"column":12},"end":{"line":139,"column":40}},"skip":true},"10":{"name":"(anonymous_10)","line":147,"loc":{"start":{"line":147,"column":77},"end":{"line":150,"column":10}},"skip":true},"11":{"name":"(anonymous_11)","line":158,"loc":{"start":{"line":158,"column":83},"end":{"line":161,"column":10}},"skip":true},"12":{"name":"(anonymous_12)","line":169,"loc":{"start":{"line":169,"column":79},"end":{"line":172,"column":10}},"skip":true},"13":{"name":"(anonymous_13)","line":180,"loc":{"start":{"line":180,"column":75},"end":{"line":183,"column":10}},"skip":true}},"statementMap":{"1":{"start":{"line":12,"column":0},"end":{"line":195,"column":5}},"2":{"start":{"line":14,"column":4},"end":{"line":14,"column":14}},"3":{"start":{"line":19,"column":4},"end":{"line":56,"column":9}},"4":{"start":{"line":21,"column":8},"end":{"line":21,"column":19}},"5":{"start":{"line":23,"column":8},"end":{"line":35,"column":13}},"6":{"start":{"line":24,"column":12},"end":{"line":34,"column":13}},"7":{"start":{"line":25,"column":16},"end":{"line":28,"column":30}},"8":{"start":{"line":30,"column":16},"end":{"line":33,"column":27}},"9":{"start":{"line":37,"column":8},"end":{"line":39,"column":21}},"10":{"start":{"line":40,"column":8},"end":{"line":53,"column":9}},"11":{"start":{"line":43,"column":12},"end":{"line":46,"column":14}},"12":{"start":{"line":47,"column":12},"end":{"line":47,"column":18}},"13":{"start":{"line":50,"column":12},"end":{"line":51,"column":33}},"14":{"start":{"line":52,"column":12},"end":{"line":52,"column":18}},"15":{"start":{"line":55,"column":8},"end":{"line":55,"column":35}},"16":{"start":{"line":61,"column":4},"end":{"line":63,"column":9}},"17":{"start":{"line":62,"column":8},"end":{"line":62,"column":15}},"18":{"start":{"line":64,"column":4},"end":{"line":77,"column":5}},"19":{"start":{"line":70,"column":8},"end":{"line":70,"column":14}},"20":{"start":{"line":76,"column":8},"end":{"line":76,"column":14}},"21":{"start":{"line":82,"column":4},"end":{"line":84,"column":9}},"22":{"start":{"line":83,"column":8},"end":{"line":83,"column":15}},"23":{"start":{"line":85,"column":4},"end":{"line":194,"column":5}},"24":{"start":{"line":91,"column":8},"end":{"line":99,"column":10}},"25":{"start":{"line":98,"column":12},"end":{"line":98,"column":35}},"26":{"start":{"line":102,"column":8},"end":{"line":104,"column":63}},"27":{"start":{"line":105,"column":8},"end":{"line":105,"column":14}},"28":{"start":{"line":112,"column":8},"end":{"line":121,"column":10},"skip":true},"29":{"start":{"line":119,"column":12},"end":{"line":119,"column":55},"skip":true},"30":{"start":{"line":120,"column":12},"end":{"line":120,"column":48},"skip":true},"31":{"start":{"line":123,"column":8},"end":{"line":136,"column":10},"skip":true},"32":{"start":{"line":130,"column":12},"end":{"line":130,"column":76},"skip":true},"33":{"start":{"line":131,"column":12},"end":{"line":131,"column":73},"skip":true},"34":{"start":{"line":132,"column":12},"end":{"line":132,"column":74},"skip":true},"35":{"start":{"line":133,"column":12},"end":{"line":133,"column":79},"skip":true},"36":{"start":{"line":134,"column":12},"end":{"line":134,"column":25},"skip":true},"37":{"start":{"line":135,"column":12},"end":{"line":135,"column":45},"skip":true},"38":{"start":{"line":138,"column":8},"end":{"line":145,"column":14},"skip":true},"39":{"start":{"line":143,"column":16},"end":{"line":143,"column":29},"skip":true},"40":{"start":{"line":144,"column":16},"end":{"line":144,"column":55},"skip":true},"41":{"start":{"line":147,"column":8},"end":{"line":156,"column":10},"skip":true},"42":{"start":{"line":154,"column":12},"end":{"line":154,"column":25},"skip":true},"43":{"start":{"line":155,"column":12},"end":{"line":155,"column":45},"skip":true},"44":{"start":{"line":158,"column":8},"end":{"line":167,"column":10},"skip":true},"45":{"start":{"line":165,"column":12},"end":{"line":165,"column":25},"skip":true},"46":{"start":{"line":166,"column":12},"end":{"line":166,"column":48},"skip":true},"47":{"start":{"line":169,"column":8},"end":{"line":178,"column":10},"skip":true},"48":{"start":{"line":176,"column":12},"end":{"line":176,"column":25},"skip":true},"49":{"start":{"line":177,"column":12},"end":{"line":177,"column":46},"skip":true},"50":{"start":{"line":180,"column":8},"end":{"line":189,"column":10},"skip":true},"51":{"start":{"line":187,"column":12},"end":{"line":187,"column":94},"skip":true},"52":{"start":{"line":188,"column":12},"end":{"line":188,"column":48},"skip":true},"53":{"start":{"line":192,"column":8},"end":{"line":192,"column":35},"skip":true},"54":{"start":{"line":193,"column":8},"end":{"line":193,"column":14},"skip":true}},"branchMap":{"1":{"line":25,"type":"binary-expr","locations":[{"start":{"line":25,"column":23},"end":{"line":25,"column":62}},{"start":{"line":26,"column":20},"end":{"line":26,"column":70}},{"start":{"line":27,"column":20},"end":{"line":27,"column":71}},{"start":{"line":28,"column":20},"end":{"line":28,"column":29}}]},"2":{"line":30,"type":"binary-expr","locations":[{"start":{"line":30,"column":23},"end":{"line":30,"column":37}},{"start":{"line":31,"column":20},"end":{"line":31,"column":61}},{"start":{"line":32,"column":20},"end":{"line":32,"column":70}},{"start":{"line":33,"column":20},"end":{"line":33,"column":26}}]},"3":{"line":37,"type":"cond-expr","locations":[{"start":{"line":38,"column":14},"end":{"line":38,"column":20}},{"start":{"line":39,"column":14},"end":{"line":39,"column":20}}]},"4":{"line":40,"type":"switch","locations":[{"start":{"line":42,"column":8},"end":{"line":47,"column":18}},{"start":{"line":49,"column":8},"end":{"line":52,"column":18}}]},"5":{"line":44,"type":"binary-expr","locations":[{"start":{"line":44,"column":16},"end":{"line":44,"column":44}},{"start":{"line":44,"column":48},"end":{"line":44,"column":66}}]},"6":{"line":50,"type":"binary-expr","locations":[{"start":{"line":50,"column":21},"end":{"line":50,"column":49}},{"start":{"line":50,"column":53},"end":{"line":50,"column":72}}]},"7":{"line":64,"type":"switch","locations":[{"start":{"line":69,"column":4},"end":{"line":70,"column":14}},{"start":{"line":75,"column":4},"end":{"line":76,"column":14}}]},"8":{"line":85,"type":"switch","locations":[{"start":{"line":90,"column":4},"end":{"line":105,"column":14}},{"start":{"line":111,"column":4},"end":{"line":193,"column":14},"skip":true}]},"9":{"line":91,"type":"binary-expr","locations":[{"start":{"line":91,"column":42},"end":{"line":91,"column":73}},{"start":{"line":91,"column":77},"end":{"line":99,"column":9}}]},"10":{"line":102,"type":"binary-expr","locations":[{"start":{"line":102,"column":18},"end":{"line":102,"column":32}},{"start":{"line":103,"column":12},"end":{"line":103,"column":53}},{"start":{"line":104,"column":12},"end":{"line":104,"column":61}}]},"11":{"line":112,"type":"binary-expr","locations":[{"start":{"line":112,"column":45},"end":{"line":112,"column":79},"skip":true},{"start":{"line":112,"column":83},"end":{"line":121,"column":9},"skip":true}]},"12":{"line":123,"type":"binary-expr","locations":[{"start":{"line":123,"column":42},"end":{"line":123,"column":73},"skip":true},{"start":{"line":123,"column":77},"end":{"line":136,"column":9},"skip":true}]},"13":{"line":138,"type":"binary-expr","locations":[{"start":{"line":138,"column":48},"end":{"line":138,"column":85},"skip":true},{"start":{"line":139,"column":12},"end":{"line":145,"column":13},"skip":true}]},"14":{"line":147,"type":"binary-expr","locations":[{"start":{"line":147,"column":42},"end":{"line":147,"column":73},"skip":true},{"start":{"line":147,"column":77},"end":{"line":156,"column":9},"skip":true}]},"15":{"line":158,"type":"binary-expr","locations":[{"start":{"line":158,"column":45},"end":{"line":158,"column":79},"skip":true},{"start":{"line":158,"column":83},"end":{"line":167,"column":9},"skip":true}]},"16":{"line":169,"type":"binary-expr","locations":[{"start":{"line":169,"column":43},"end":{"line":169,"column":75},"skip":true},{"start":{"line":169,"column":79},"end":{"line":178,"column":9},"skip":true}]},"17":{"line":180,"type":"binary-expr","locations":[{"start":{"line":180,"column":41},"end":{"line":180,"column":71},"skip":true},{"start":{"line":180,"column":75},"end":{"line":189,"column":9},"skip":true}]}},"code":["/* istanbul instrument in package npmtest_recess */","/*jslint","    bitwise: true,","    browser: true,","    maxerr: 8,","    maxlen: 96,","    node: true,","    nomen: true,","    regexp: true,","    stupid: true","*/","(function () {","    'use strict';","    var local;","","","","    // run shared js-env code - init-before","    (function () {","        // init local","        local = {};","        // init modeJs","        local.modeJs = (function () {","            try {","                return typeof navigator.userAgent === 'string' &&","                    typeof document.querySelector('body') === 'object' &&","                    typeof XMLHttpRequest.prototype.open === 'function' &&","                    'browser';","            } catch (errorCaughtBrowser) {","                return module.exports &&","                    typeof process.versions.node === 'string' &&","                    typeof require('http').createServer === 'function' &&","                    'node';","            }","        }());","        // init global","        local.global = local.modeJs === 'browser'","            ? window","            : global;","        switch (local.modeJs) {","        // re-init local from window.local","        case 'browser':","            local = local.global.utility2.objectSetDefault(","                local.global.utility2_rollup || local.global.local,","                local.global.utility2","            );","            break;","        // re-init local from example.js","        case 'node':","            local = (local.global.utility2_rollup || require('utility2'))","                .requireReadme();","            break;","        }","        // export local","        local.global.local = local;","    }());","","","","    // run shared js-env code - function","    (function () {","        return;","    }());","    switch (local.modeJs) {","","","","    // run browser js-env code - function","    case 'browser':","        break;","","","","    // run node js-env code - function","    case 'node':","        break;","    }","","","","    // run shared js-env code - init-after","    (function () {","        return;","    }());","    switch (local.modeJs) {","","","","    // run browser js-env code - init-after","    case 'browser':","        local.testCase_browser_nullCase = local.testCase_browser_nullCase || function (","            options,","            onError","        ) {","        /*","         * this function will test browsers's null-case handling-behavior-behavior","         */","            onError(null, options);","        };","","        // run tests","        local.nop(local.modeTest &&","            document.querySelector('#testRunButton1') &&","            document.querySelector('#testRunButton1').click());","        break;","","","","    // run node js-env code - init-after","    /* istanbul ignore next */","    case 'node':","        local.testCase_buildApidoc_default = local.testCase_buildApidoc_default || function (","            options,","            onError","        ) {","        /*","         * this function will test buildApidoc's default handling-behavior-behavior","         */","            options = { modulePathList: module.paths };","            local.buildApidoc(options, onError);","        };","","        local.testCase_buildApp_default = local.testCase_buildApp_default || function (","            options,","            onError","        ) {","        /*","         * this function will test buildApp's default handling-behavior-behavior","         */","            local.testCase_buildReadme_default(options, local.onErrorThrow);","            local.testCase_buildLib_default(options, local.onErrorThrow);","            local.testCase_buildTest_default(options, local.onErrorThrow);","            local.testCase_buildCustomOrg_default(options, local.onErrorThrow);","            options = [];","            local.buildApp(options, onError);","        };","","        local.testCase_buildCustomOrg_default = local.testCase_buildCustomOrg_default ||","            function (options, onError) {","            /*","             * this function will test buildCustomOrg's default handling-behavior","             */","                options = {};","                local.buildCustomOrg(options, onError);","            };","","        local.testCase_buildLib_default = local.testCase_buildLib_default || function (","            options,","            onError","        ) {","        /*","         * this function will test buildLib's default handling-behavior","         */","            options = {};","            local.buildLib(options, onError);","        };","","        local.testCase_buildReadme_default = local.testCase_buildReadme_default || function (","            options,","            onError","        ) {","        /*","         * this function will test buildReadme's default handling-behavior-behavior","         */","            options = {};","            local.buildReadme(options, onError);","        };","","        local.testCase_buildTest_default = local.testCase_buildTest_default || function (","            options,","            onError","        ) {","        /*","         * this function will test buildTest's default handling-behavior","         */","            options = {};","            local.buildTest(options, onError);","        };","","        local.testCase_webpage_default = local.testCase_webpage_default || function (","            options,","            onError","        ) {","        /*","         * this function will test webpage's default handling-behavior","         */","            options = { modeCoverageMerge: true, url: local.serverLocalHost + '?modeTest=1' };","            local.browserTest(options, onError);","        };","","        // run test-server","        local.testRunServer(local);","        break;","    }","}());",""],"l":{"12":2,"14":2,"19":2,"21":2,"23":2,"24":2,"25":2,"30":1,"37":2,"40":2,"43":1,"47":1,"50":1,"52":1,"55":2,"61":2,"62":2,"64":2,"70":1,"76":1,"82":2,"83":2,"85":2,"91":1,"98":1,"102":1,"105":1,"112":1,"119":1,"120":1,"123":1,"130":1,"131":1,"132":1,"133":1,"134":1,"135":1,"138":1,"143":2,"144":2,"147":1,"154":2,"155":2,"158":1,"165":2,"166":2,"169":1,"176":2,"177":2,"180":1,"187":1,"188":1,"192":1,"193":1}},"/home/travis/build/npmtest/node-npmtest-recess/lib.npmtest_recess.js":{"path":"/home/travis/build/npmtest/node-npmtest-recess/lib.npmtest_recess.js","s":{"1":2,"2":2,"3":2,"4":2,"5":2,"6":2,"7":2,"8":1,"9":2,"10":2,"11":2,"12":2,"13":1,"14":1,"15":1,"16":1},"b":{"1":[2,1,1,1],"2":[1,1,1,1],"3":[1,1],"4":[2,2],"5":[1,1]},"f":{"1":2,"2":2,"3":2},"fnMap":{"1":{"name":"(anonymous_1)","line":12,"loc":{"start":{"line":12,"column":1},"end":{"line":12,"column":13}}},"2":{"name":"(anonymous_2)","line":19,"loc":{"start":{"line":19,"column":5},"end":{"line":19,"column":17}}},"3":{"name":"(anonymous_3)","line":23,"loc":{"start":{"line":23,"column":24},"end":{"line":23,"column":36}}}},"statementMap":{"1":{"start":{"line":12,"column":0},"end":{"line":53,"column":5}},"2":{"start":{"line":14,"column":4},"end":{"line":14,"column":14}},"3":{"start":{"line":19,"column":4},"end":{"line":52,"column":9}},"4":{"start":{"line":21,"column":8},"end":{"line":21,"column":19}},"5":{"start":{"line":23,"column":8},"end":{"line":35,"column":13}},"6":{"start":{"line":24,"column":12},"end":{"line":34,"column":13}},"7":{"start":{"line":25,"column":16},"end":{"line":28,"column":30}},"8":{"start":{"line":30,"column":16},"end":{"line":33,"column":27}},"9":{"start":{"line":37,"column":8},"end":{"line":39,"column":21}},"10":{"start":{"line":41,"column":8},"end":{"line":41,"column":54}},"11":{"start":{"line":43,"column":8},"end":{"line":43,"column":51}},"12":{"start":{"line":45,"column":8},"end":{"line":51,"column":9}},"13":{"start":{"line":46,"column":12},"end":{"line":46,"column":57}},"14":{"start":{"line":48,"column":12},"end":{"line":48,"column":35}},"15":{"start":{"line":49,"column":12},"end":{"line":49,"column":49}},"16":{"start":{"line":50,"column":12},"end":{"line":50,"column":43}}},"branchMap":{"1":{"line":25,"type":"binary-expr","locations":[{"start":{"line":25,"column":23},"end":{"line":25,"column":62}},{"start":{"line":26,"column":20},"end":{"line":26,"column":70}},{"start":{"line":27,"column":20},"end":{"line":27,"column":71}},{"start":{"line":28,"column":20},"end":{"line":28,"column":29}}]},"2":{"line":30,"type":"binary-expr","locations":[{"start":{"line":30,"column":23},"end":{"line":30,"column":37}},{"start":{"line":31,"column":20},"end":{"line":31,"column":61}},{"start":{"line":32,"column":20},"end":{"line":32,"column":70}},{"start":{"line":33,"column":20},"end":{"line":33,"column":26}}]},"3":{"line":37,"type":"cond-expr","locations":[{"start":{"line":38,"column":14},"end":{"line":38,"column":20}},{"start":{"line":39,"column":14},"end":{"line":39,"column":20}}]},"4":{"line":41,"type":"binary-expr","locations":[{"start":{"line":41,"column":16},"end":{"line":41,"column":44}},{"start":{"line":41,"column":48},"end":{"line":41,"column":53}}]},"5":{"line":45,"type":"if","locations":[{"start":{"line":45,"column":8},"end":{"line":45,"column":8}},{"start":{"line":45,"column":8},"end":{"line":45,"column":8}}]}},"code":["/* istanbul instrument in package npmtest_recess */","/*jslint","    bitwise: true,","    browser: true,","    maxerr: 8,","    maxlen: 96,","    node: true,","    nomen: true,","    regexp: true,","    stupid: true","*/","(function () {","    'use strict';","    var local;","","","","    // run shared js-env code - init-before","    (function () {","        // init local","        local = {};","        // init modeJs","        local.modeJs = (function () {","            try {","                return typeof navigator.userAgent === 'string' &&","                    typeof document.querySelector('body') === 'object' &&","                    typeof XMLHttpRequest.prototype.open === 'function' &&","                    'browser';","            } catch (errorCaughtBrowser) {","                return module.exports &&","                    typeof process.versions.node === 'string' &&","                    typeof require('http').createServer === 'function' &&","                    'node';","            }","        }());","        // init global","        local.global = local.modeJs === 'browser'","            ? window","            : global;","        // init utility2_rollup","        local = local.global.utility2_rollup || local;","        // init lib","        local.local = local.npmtest_recess = local;","        // init exports","        if (local.modeJs === 'browser') {","            local.global.utility2_npmtest_recess = local;","        } else {","            module.exports = local;","            module.exports.__dirname = __dirname;","            module.exports.module = module;","        }","    }());","}());",""],"l":{"12":2,"14":2,"19":2,"21":2,"23":2,"24":2,"25":2,"30":1,"37":2,"41":2,"43":2,"45":2,"46":1,"48":1,"49":1,"50":1}},"/home/travis/build/npmtest/node-npmtest-recess/example.js":{"path":"/home/travis/build/npmtest/node-npmtest-recess/example.js","s":{"1":2,"2":2,"3":2,"4":2,"5":2,"6":2,"7":2,"8":1,"9":2,"10":2,"11":2,"12":2,"13":1,"14":2,"15":2,"16":2,"17":2,"18":2,"19":0,"20":2,"21":1,"22":1,"23":1,"24":1,"25":1,"26":0,"27":0,"28":1,"29":1,"30":2,"31":0,"32":0,"33":0,"34":1,"35":2,"36":2,"37":3,"38":3,"39":3,"40":3,"41":0,"42":3,"43":3,"44":3,"45":1,"46":3,"47":1,"48":1,"49":1,"50":1,"51":1,"52":1,"53":1,"54":1,"55":1,"56":1,"57":0,"58":1,"59":6,"60":6,"61":1,"62":2,"63":0,"64":2,"65":1,"66":1,"67":0,"68":0,"69":0,"70":0,"71":0,"72":0,"73":0,"74":0,"75":0,"76":0,"77":0,"78":0,"79":0,"80":0,"81":0,"82":0,"83":0},"b":{"1":[2,1,1,1],"2":[1,1,1,1],"3":[1,1],"4":[2,2],"5":[1,1],"6":[1,1],"7":[2,0],"8":[2,1,1,1,1,1],"9":[0,2,0],"10":[1,1],"11":[2,1,1],"12":[1,0],"13":[0,2],"14":[2,0,0,0,0,0,0],"15":[0,3],"16":[3,0],"17":[1,1],"18":[0,1],"19":[1,2,0,2],"20":[1,0],"21":[1,1],"22":[0,0],"23":[0,0],"24":[0,0],"25":[0,0],"26":[0,0],"27":[0,0],"28":[0,0]},"f":{"1":2,"2":2,"3":2,"4":2,"5":2,"6":2,"7":3,"8":3,"9":3,"10":1,"11":6,"12":0},"fnMap":{"1":{"name":"(anonymous_1)","line":26,"loc":{"start":{"line":26,"column":1},"end":{"line":26,"column":13}}},"2":{"name":"(anonymous_2)","line":33,"loc":{"start":{"line":33,"column":5},"end":{"line":33,"column":17}}},"3":{"name":"(anonymous_3)","line":37,"loc":{"start":{"line":37,"column":24},"end":{"line":37,"column":36}}},"4":{"name":"(anonymous_4)","line":69,"loc":{"start":{"line":69,"column":31},"end":{"line":69,"column":48}},"skip":true},"5":{"name":"(anonymous_5)","line":78,"loc":{"start":{"line":78,"column":26},"end":{"line":78,"column":45}},"skip":true},"6":{"name":"(anonymous_6)","line":123,"loc":{"start":{"line":123,"column":33},"end":{"line":123,"column":48}},"skip":true},"7":{"name":"(anonymous_7)","line":125,"loc":{"start":{"line":125,"column":27},"end":{"line":125,"column":39}},"skip":true},"8":{"name":"(anonymous_8)","line":133,"loc":{"start":{"line":133,"column":59},"end":{"line":133,"column":74}},"skip":true},"9":{"name":"(anonymous_9)","line":143,"loc":{"start":{"line":143,"column":45},"end":{"line":143,"column":62}},"skip":true},"10":{"name":"(anonymous_10)","line":144,"loc":{"start":{"line":144,"column":73},"end":{"line":144,"column":92}},"skip":true},"11":{"name":"(anonymous_11)","line":272,"loc":{"start":{"line":272,"column":51},"end":{"line":272,"column":77}},"skip":true},"12":{"name":"(anonymous_12)","line":315,"loc":{"start":{"line":315,"column":32},"end":{"line":315,"column":61}},"skip":true}},"statementMap":{"1":{"start":{"line":26,"column":0},"end":{"line":326,"column":5}},"2":{"start":{"line":28,"column":4},"end":{"line":28,"column":14}},"3":{"start":{"line":33,"column":4},"end":{"line":60,"column":9}},"4":{"start":{"line":35,"column":8},"end":{"line":35,"column":19}},"5":{"start":{"line":37,"column":8},"end":{"line":49,"column":13}},"6":{"start":{"line":38,"column":12},"end":{"line":48,"column":13}},"7":{"start":{"line":39,"column":16},"end":{"line":42,"column":30}},"8":{"start":{"line":44,"column":16},"end":{"line":47,"column":27}},"9":{"start":{"line":51,"column":8},"end":{"line":53,"column":21}},"10":{"start":{"line":55,"column":8},"end":{"line":57,"column":45}},"11":{"start":{"line":59,"column":8},"end":{"line":59,"column":35}},"12":{"start":{"line":61,"column":4},"end":{"line":325,"column":5}},"13":{"start":{"line":69,"column":8},"end":{"line":121,"column":10},"skip":true},"14":{"start":{"line":70,"column":12},"end":{"line":88,"column":13},"skip":true},"15":{"start":{"line":76,"column":16},"end":{"line":87,"column":19},"skip":true},"16":{"start":{"line":79,"column":20},"end":{"line":86,"column":21},"skip":true},"17":{"start":{"line":82,"column":24},"end":{"line":82,"column":43},"skip":true},"18":{"start":{"line":83,"column":24},"end":{"line":83,"column":30},"skip":true},"19":{"start":{"line":85,"column":24},"end":{"line":85,"column":49},"skip":true},"20":{"start":{"line":89,"column":12},"end":{"line":107,"column":13},"skip":true},"21":{"start":{"line":92,"column":16},"end":{"line":102,"column":17},"skip":true},"22":{"start":{"line":93,"column":20},"end":{"line":93,"column":86},"skip":true},"23":{"start":{"line":94,"column":20},"end":{"line":95,"column":45},"skip":true},"24":{"start":{"line":96,"column":20},"end":{"line":96,"column":42},"skip":true},"25":{"start":{"line":97,"column":20},"end":{"line":97,"column":48},"skip":true},"26":{"start":{"line":100,"column":20},"end":{"line":100,"column":85},"skip":true},"27":{"start":{"line":101,"column":20},"end":{"line":101,"column":96},"skip":true},"28":{"start":{"line":103,"column":16},"end":{"line":103,"column":22},"skip":true},"29":{"start":{"line":106,"column":16},"end":{"line":106,"column":22},"skip":true},"30":{"start":{"line":108,"column":12},"end":{"line":120,"column":13},"skip":true},"31":{"start":{"line":114,"column":16},"end":{"line":119,"column":17},"skip":true},"32":{"start":{"line":116,"column":20},"end":{"line":116,"column":78},"skip":true},"33":{"start":{"line":118,"column":20},"end":{"line":118,"column":47},"skip":true},"34":{"start":{"line":123,"column":8},"end":{"line":141,"column":11},"skip":true},"35":{"start":{"line":124,"column":12},"end":{"line":124,"column":54},"skip":true},"36":{"start":{"line":125,"column":12},"end":{"line":140,"column":14},"skip":true},"37":{"start":{"line":126,"column":16},"end":{"line":126,"column":28},"skip":true},"38":{"start":{"line":127,"column":16},"end":{"line":127,"column":69},"skip":true},"39":{"start":{"line":128,"column":16},"end":{"line":128,"column":75},"skip":true},"40":{"start":{"line":129,"column":16},"end":{"line":131,"column":17},"skip":true},"41":{"start":{"line":130,"column":20},"end":{"line":130,"column":27},"skip":true},"42":{"start":{"line":133,"column":16},"end":{"line":137,"column":36},"skip":true},"43":{"start":{"line":134,"column":20},"end":{"line":136,"column":55},"skip":true},"44":{"start":{"line":139,"column":16},"end":{"line":139,"column":57},"skip":true},"45":{"start":{"line":143,"column":8},"end":{"line":147,"column":11},"skip":true},"46":{"start":{"line":144,"column":12},"end":{"line":146,"column":15},"skip":true},"47":{"start":{"line":145,"column":16},"end":{"line":145,"column":70},"skip":true},"48":{"start":{"line":149,"column":8},"end":{"line":149,"column":31},"skip":true},"49":{"start":{"line":150,"column":8},"end":{"line":150,"column":14},"skip":true},"50":{"start":{"line":158,"column":8},"end":{"line":158,"column":31},"skip":true},"51":{"start":{"line":160,"column":8},"end":{"line":160,"column":33},"skip":true},"52":{"start":{"line":161,"column":8},"end":{"line":161,"column":37},"skip":true},"53":{"start":{"line":162,"column":8},"end":{"line":162,"column":35},"skip":true},"54":{"start":{"line":164,"column":8},"end":{"line":164,"column":50},"skip":true},"55":{"start":{"line":166,"column":8},"end":{"line":256,"column":2},"skip":true},"56":{"start":{"line":258,"column":8},"end":{"line":286,"column":9},"skip":true},"57":{"start":{"line":259,"column":12},"end":{"line":269,"column":14},"skip":true},"58":{"start":{"line":271,"column":12},"end":{"line":285,"column":19},"skip":true},"59":{"start":{"line":274,"column":20},"end":{"line":274,"column":35},"skip":true},"60":{"start":{"line":275,"column":20},"end":{"line":284,"column":21},"skip":true},"61":{"start":{"line":277,"column":24},"end":{"line":277,"column":64},"skip":true},"62":{"start":{"line":279,"column":24},"end":{"line":279,"column":40},"skip":true},"63":{"start":{"line":281,"column":24},"end":{"line":281,"column":40},"skip":true},"64":{"start":{"line":283,"column":24},"end":{"line":283,"column":39},"skip":true},"65":{"start":{"line":288,"column":8},"end":{"line":290,"column":9},"skip":true},"66":{"start":{"line":289,"column":12},"end":{"line":289,"column":18},"skip":true},"67":{"start":{"line":291,"column":8},"end":{"line":293,"column":54},"skip":true},"68":{"start":{"line":296,"column":8},"end":{"line":301,"column":37},"skip":true},"69":{"start":{"line":303,"column":8},"end":{"line":303,"column":82},"skip":true},"70":{"start":{"line":306,"column":8},"end":{"line":308,"column":9},"skip":true},"71":{"start":{"line":307,"column":12},"end":{"line":307,"column":82},"skip":true},"72":{"start":{"line":310,"column":8},"end":{"line":312,"column":9},"skip":true},"73":{"start":{"line":311,"column":12},"end":{"line":311,"column":18},"skip":true},"74":{"start":{"line":313,"column":8},"end":{"line":313,"column":54},"skip":true},"75":{"start":{"line":314,"column":8},"end":{"line":314,"column":69},"skip":true},"76":{"start":{"line":315,"column":8},"end":{"line":323,"column":36},"skip":true},"77":{"start":{"line":316,"column":12},"end":{"line":316,"column":61},"skip":true},"78":{"start":{"line":317,"column":12},"end":{"line":320,"column":13},"skip":true},"79":{"start":{"line":318,"column":16},"end":{"line":318,"column":75},"skip":true},"80":{"start":{"line":319,"column":16},"end":{"line":319,"column":23},"skip":true},"81":{"start":{"line":321,"column":12},"end":{"line":321,"column":38},"skip":true},"82":{"start":{"line":322,"column":12},"end":{"line":322,"column":27},"skip":true},"83":{"start":{"line":324,"column":8},"end":{"line":324,"column":14},"skip":true}},"branchMap":{"1":{"line":39,"type":"binary-expr","locations":[{"start":{"line":39,"column":23},"end":{"line":39,"column":62}},{"start":{"line":40,"column":20},"end":{"line":40,"column":70}},{"start":{"line":41,"column":20},"end":{"line":41,"column":71}},{"start":{"line":42,"column":20},"end":{"line":42,"column":29}}]},"2":{"line":44,"type":"binary-expr","locations":[{"start":{"line":44,"column":23},"end":{"line":44,"column":37}},{"start":{"line":45,"column":20},"end":{"line":45,"column":61}},{"start":{"line":46,"column":20},"end":{"line":46,"column":70}},{"start":{"line":47,"column":20},"end":{"line":47,"column":26}}]},"3":{"line":51,"type":"cond-expr","locations":[{"start":{"line":52,"column":14},"end":{"line":52,"column":20}},{"start":{"line":53,"column":14},"end":{"line":53,"column":20}}]},"4":{"line":55,"type":"binary-expr","locations":[{"start":{"line":55,"column":16},"end":{"line":55,"column":44}},{"start":{"line":55,"column":49},"end":{"line":57,"column":43}}]},"5":{"line":55,"type":"cond-expr","locations":[{"start":{"line":56,"column":14},"end":{"line":56,"column":50}},{"start":{"line":57,"column":14},"end":{"line":57,"column":43}}]},"6":{"line":61,"type":"switch","locations":[{"start":{"line":68,"column":4},"end":{"line":150,"column":14},"skip":true},{"start":{"line":156,"column":4},"end":{"line":324,"column":14},"skip":true}]},"7":{"line":70,"type":"if","locations":[{"start":{"line":70,"column":12},"end":{"line":70,"column":12},"skip":true},{"start":{"line":70,"column":12},"end":{"line":70,"column":12},"skip":true}]},"8":{"line":70,"type":"binary-expr","locations":[{"start":{"line":70,"column":16},"end":{"line":70,"column":22},"skip":true},{"start":{"line":70,"column":27},"end":{"line":70,"column":32},"skip":true},{"start":{"line":71,"column":20},"end":{"line":71,"column":39},"skip":true},{"start":{"line":72,"column":20},"end":{"line":72,"column":49},"skip":true},{"start":{"line":73,"column":20},"end":{"line":73,"column":58},"skip":true},{"start":{"line":74,"column":20},"end":{"line":74,"column":69},"skip":true}]},"9":{"line":79,"type":"switch","locations":[{"start":{"line":80,"column":20},"end":{"line":80,"column":33},"skip":true},{"start":{"line":81,"column":20},"end":{"line":83,"column":30},"skip":true},{"start":{"line":84,"column":20},"end":{"line":85,"column":49},"skip":true}]},"10":{"line":89,"type":"switch","locations":[{"start":{"line":90,"column":12},"end":{"line":103,"column":22},"skip":true},{"start":{"line":105,"column":12},"end":{"line":106,"column":22},"skip":true}]},"11":{"line":89,"type":"binary-expr","locations":[{"start":{"line":89,"column":20},"end":{"line":89,"column":25},"skip":true},{"start":{"line":89,"column":29},"end":{"line":89,"column":48},"skip":true},{"start":{"line":89,"column":52},"end":{"line":89,"column":74},"skip":true}]},"12":{"line":92,"type":"if","locations":[{"start":{"line":92,"column":16},"end":{"line":92,"column":16},"skip":true},{"start":{"line":92,"column":16},"end":{"line":92,"column":16},"skip":true}]},"13":{"line":108,"type":"if","locations":[{"start":{"line":108,"column":12},"end":{"line":108,"column":12},"skip":true},{"start":{"line":108,"column":12},"end":{"line":108,"column":12},"skip":true}]},"14":{"line":108,"type":"binary-expr","locations":[{"start":{"line":108,"column":16},"end":{"line":108,"column":61},"skip":true},{"start":{"line":108,"column":66},"end":{"line":108,"column":72},"skip":true},{"start":{"line":108,"column":77},"end":{"line":108,"column":82},"skip":true},{"start":{"line":109,"column":20},"end":{"line":109,"column":39},"skip":true},{"start":{"line":110,"column":20},"end":{"line":110,"column":49},"skip":true},{"start":{"line":111,"column":20},"end":{"line":111,"column":58},"skip":true},{"start":{"line":112,"column":20},"end":{"line":112,"column":68},"skip":true}]},"15":{"line":129,"type":"if","locations":[{"start":{"line":129,"column":16},"end":{"line":129,"column":16},"skip":true},{"start":{"line":129,"column":16},"end":{"line":129,"column":16},"skip":true}]},"16":{"line":134,"type":"cond-expr","locations":[{"start":{"line":135,"column":26},"end":{"line":135,"column":29},"skip":true},{"start":{"line":136,"column":26},"end":{"line":136,"column":54},"skip":true}]},"17":{"line":164,"type":"binary-expr","locations":[{"start":{"line":164,"column":27},"end":{"line":164,"column":43},"skip":true},{"start":{"line":164,"column":47},"end":{"line":164,"column":49},"skip":true}]},"18":{"line":258,"type":"if","locations":[{"start":{"line":258,"column":8},"end":{"line":258,"column":8},"skip":true},{"start":{"line":258,"column":8},"end":{"line":258,"column":8},"skip":true}]},"19":{"line":275,"type":"switch","locations":[{"start":{"line":276,"column":20},"end":{"line":277,"column":64},"skip":true},{"start":{"line":278,"column":20},"end":{"line":279,"column":40},"skip":true},{"start":{"line":280,"column":20},"end":{"line":281,"column":40},"skip":true},{"start":{"line":282,"column":20},"end":{"line":283,"column":39},"skip":true}]},"20":{"line":288,"type":"if","locations":[{"start":{"line":288,"column":8},"end":{"line":288,"column":8},"skip":true},{"start":{"line":288,"column":8},"end":{"line":288,"column":8},"skip":true}]},"21":{"line":288,"type":"binary-expr","locations":[{"start":{"line":288,"column":12},"end":{"line":288,"column":40},"skip":true},{"start":{"line":288,"column":44},"end":{"line":288,"column":67},"skip":true}]},"22":{"line":292,"type":"binary-expr","locations":[{"start":{"line":292,"column":12},"end":{"line":292,"column":50},"skip":true},{"start":{"line":293,"column":12},"end":{"line":293,"column":53},"skip":true}]},"23":{"line":297,"type":"binary-expr","locations":[{"start":{"line":297,"column":12},"end":{"line":297,"column":64},"skip":true},{"start":{"line":298,"column":12},"end":{"line":301,"column":36},"skip":true}]},"24":{"line":303,"type":"binary-expr","locations":[{"start":{"line":303,"column":43},"end":{"line":303,"column":75},"skip":true},{"start":{"line":303,"column":79},"end":{"line":303,"column":81},"skip":true}]},"25":{"line":306,"type":"if","locations":[{"start":{"line":306,"column":8},"end":{"line":306,"column":8},"skip":true},{"start":{"line":306,"column":8},"end":{"line":306,"column":8},"skip":true}]},"26":{"line":310,"type":"if","locations":[{"start":{"line":310,"column":8},"end":{"line":310,"column":8},"skip":true},{"start":{"line":310,"column":8},"end":{"line":310,"column":8},"skip":true}]},"27":{"line":313,"type":"binary-expr","locations":[{"start":{"line":313,"column":27},"end":{"line":313,"column":43},"skip":true},{"start":{"line":313,"column":47},"end":{"line":313,"column":53},"skip":true}]},"28":{"line":317,"type":"if","locations":[{"start":{"line":317,"column":12},"end":{"line":317,"column":12},"skip":true},{"start":{"line":317,"column":12},"end":{"line":317,"column":12},"skip":true}]}},"code":["/*","example.js","","quickstart example","","instruction","    1. save this script as example.js","    2. run the shell command:","        $ npm install npmtest-recess && PORT=8081 node example.js","    3. play with the browser-demo on http://127.0.0.1:8081","*/","","","","/* istanbul instrument in package npmtest_recess */","/*jslint","    bitwise: true,","    browser: true,","    maxerr: 8,","    maxlen: 96,","    node: true,","    nomen: true,","    regexp: true,","    stupid: true","*/","(function () {","    'use strict';","    var local;","","","","    // run shared js-env code - init-before","    (function () {","        // init local","        local = {};","        // init modeJs","        local.modeJs = (function () {","            try {","                return typeof navigator.userAgent === 'string' &&","                    typeof document.querySelector('body') === 'object' &&","                    typeof XMLHttpRequest.prototype.open === 'function' &&","                    'browser';","            } catch (errorCaughtBrowser) {","                return module.exports &&","                    typeof process.versions.node === 'string' &&","                    typeof require('http').createServer === 'function' &&","                    'node';","            }","        }());","        // init global","        local.global = local.modeJs === 'browser'","            ? window","            : global;","        // init utility2_rollup","        local = local.global.utility2_rollup || (local.modeJs === 'browser'","            ? local.global.utility2_npmtest_recess","            : global.utility2_moduleExports);","        // export local","        local.global.local = local;","    }());","    switch (local.modeJs) {","","","","    // init-after","    // run browser js-env code - init-after","    /* istanbul ignore next */","    case 'browser':","        local.testRunBrowser = function (event) {","            if (!event || (event &&","                    event.currentTarget &&","                    event.currentTarget.className &&","                    event.currentTarget.className.includes &&","                    event.currentTarget.className.includes('onreset'))) {","                // reset output","                Array.from(","                    document.querySelectorAll('body > .resettable')","                ).forEach(function (element) {","                    switch (element.tagName) {","                    case 'INPUT':","                    case 'TEXTAREA':","                        element.value = '';","                        break;","                    default:","                        element.textContent = '';","                    }","                });","            }","            switch (event && event.currentTarget && event.currentTarget.id) {","            case 'testRunButton1':","                // show tests","                if (document.querySelector('#testReportDiv1').style.display === 'none') {","                    document.querySelector('#testReportDiv1').style.display = 'block';","                    document.querySelector('#testRunButton1').textContent =","                        'hide internal test';","                    local.modeTest = true;","                    local.testRunDefault(local);","                // hide tests","                } else {","                    document.querySelector('#testReportDiv1').style.display = 'none';","                    document.querySelector('#testRunButton1').textContent = 'run internal test';","                }","                break;","            // custom-case","            default:","                break;","            }","            if (document.querySelector('#inputTextareaEval1') && (!event || (event &&","                    event.currentTarget &&","                    event.currentTarget.className &&","                    event.currentTarget.className.includes &&","                    event.currentTarget.className.includes('oneval')))) {","                // try to eval input-code","                try {","                    /*jslint evil: true*/","                    eval(document.querySelector('#inputTextareaEval1').value);","                } catch (errorCaught) {","                    console.error(errorCaught);","                }","            }","        };","        // log stderr and stdout to #outputTextareaStdout1","        ['error', 'log'].forEach(function (key) {","            console[key + '_original'] = console[key];","            console[key] = function () {","                var element;","                console[key + '_original'].apply(console, arguments);","                element = document.querySelector('#outputTextareaStdout1');","                if (!element) {","                    return;","                }","                // append text to #outputTextareaStdout1","                element.value += Array.from(arguments).map(function (arg) {","                    return typeof arg === 'string'","                        ? arg","                        : JSON.stringify(arg, null, 4);","                }).join(' ') + '\\n';","                // scroll textarea to bottom","                element.scrollTop = element.scrollHeight;","            };","        });","        // init event-handling","        ['change', 'click', 'keyup'].forEach(function (event) {","            Array.from(document.querySelectorAll('.on' + event)).forEach(function (element) {","                element.addEventListener(event, local.testRunBrowser);","            });","        });","        // run tests","        local.testRunBrowser();","        break;","","","","    // run node js-env code - init-after","    /* istanbul ignore next */","    case 'node':","        // export local","        module.exports = local;","        // require modules","        local.fs = require('fs');","        local.http = require('http');","        local.url = require('url');","        // init assets","        local.assetsDict = local.assetsDict || {};","        /* jslint-ignore-begin */","        local.assetsDict['/assets.index.template.html'] = '\\","<!doctype html>\\n\\","<html lang=\"en\">\\n\\","<head>\\n\\","<meta charset=\"UTF-8\">\\n\\","<meta name=\"viewport\" content=\"width=device-width, initial-scale=1\">\\n\\","<title>{{env.npm_package_name}} (v{{env.npm_package_version}})</title>\\n\\","<style>\\n\\","/*csslint\\n\\","    box-sizing: false,\\n\\","    universal-selector: false\\n\\","*/\\n\\","* {\\n\\","    box-sizing: border-box;\\n\\","}\\n\\","body {\\n\\","    background: #dde;\\n\\","    font-family: Arial, Helvetica, sans-serif;\\n\\","    margin: 2rem;\\n\\","}\\n\\","body > * {\\n\\","    margin-bottom: 1rem;\\n\\","}\\n\\",".utility2FooterDiv {\\n\\","    margin-top: 20px;\\n\\","    text-align: center;\\n\\","}\\n\\","</style>\\n\\","<style>\\n\\","/*csslint\\n\\","*/\\n\\","textarea {\\n\\","    font-family: monospace;\\n\\","    height: 10rem;\\n\\","    width: 100%;\\n\\","}\\n\\","textarea[readonly] {\\n\\","    background: #ddd;\\n\\","}\\n\\","</style>\\n\\","</head>\\n\\","<body>\\n\\","<!-- utility2-comment\\n\\","<div id=\"ajaxProgressDiv1\" style=\"background: #d00; height: 2px; left: 0; margin: 0; padding: 0; position: fixed; top: 0; transition: background 0.5s, width 1.5s; width: 25%;\"></div>\\n\\","utility2-comment -->\\n\\","<h1>\\n\\","<!-- utility2-comment\\n\\","    <a\\n\\","        {{#if env.npm_package_homepage}}\\n\\","        href=\"{{env.npm_package_homepage}}\"\\n\\","        {{/if env.npm_package_homepage}}\\n\\","        target=\"_blank\"\\n\\","    >\\n\\","utility2-comment -->\\n\\","        {{env.npm_package_name}} (v{{env.npm_package_version}})\\n\\","<!-- utility2-comment\\n\\","    </a>\\n\\","utility2-comment -->\\n\\","</h1>\\n\\","<h3>{{env.npm_package_description}}</h3>\\n\\","<!-- utility2-comment\\n\\","<h4><a download href=\"assets.app.js\">download standalone app</a></h4>\\n\\","<button class=\"onclick onreset\" id=\"testRunButton1\">run internal test</button><br>\\n\\","<div id=\"testReportDiv1\" style=\"display: none;\"></div>\\n\\","utility2-comment -->\\n\\","\\n\\","\\n\\","\\n\\","<label>stderr and stdout</label>\\n\\","<textarea class=\"resettable\" id=\"outputTextareaStdout1\" readonly></textarea>\\n\\","<!-- utility2-comment\\n\\","{{#if isRollup}}\\n\\","<script src=\"assets.app.js\"></script>\\n\\","{{#unless isRollup}}\\n\\","utility2-comment -->\\n\\","<script src=\"assets.utility2.rollup.js\"></script>\\n\\","<script src=\"jsonp.utility2._stateInit?callback=window.utility2._stateInit\"></script>\\n\\","<script src=\"assets.npmtest_recess.rollup.js\"></script>\\n\\","<script src=\"assets.example.js\"></script>\\n\\","<script src=\"assets.test.js\"></script>\\n\\","<!-- utility2-comment\\n\\","{{/if isRollup}}\\n\\","utility2-comment -->\\n\\","<div class=\"utility2FooterDiv\">\\n\\","    [ this app was created with\\n\\","    <a href=\"https://github.com/kaizhu256/node-utility2\" target=\"_blank\">utility2</a>\\n\\","    ]\\n\\","</div>\\n\\","</body>\\n\\","</html>\\n\\","';","        /* jslint-ignore-end */","        if (local.templateRender) {","            local.assetsDict['/'] = local.templateRender(","                local.assetsDict['/assets.index.template.html'],","                {","                    env: local.objectSetDefault(local.env, {","                        npm_package_description: 'the greatest app in the world!',","                        npm_package_name: 'my-app',","                        npm_package_nameAlias: 'my_app',","                        npm_package_version: '0.0.1'","                    })","                }","            );","        } else {","            local.assetsDict['/'] = local.assetsDict['/assets.index.template.html']","                .replace((/\\{\\{env\\.(\\w+?)\\}\\}/g), function (match0, match1) {","                    // jslint-hack","                    String(match0);","                    switch (match1) {","                    case 'npm_package_description':","                        return 'the greatest app in the world!';","                    case 'npm_package_name':","                        return 'my-app';","                    case 'npm_package_nameAlias':","                        return 'my_app';","                    case 'npm_package_version':","                        return '0.0.1';","                    }","                });","        }","        // run the cli","        if (local.global.utility2_rollup || module !== require.main) {","            break;","        }","        local.assetsDict['/assets.example.js'] =","            local.assetsDict['/assets.example.js'] ||","            local.fs.readFileSync(__filename, 'utf8');","        // bug-workaround - long $npm_package_buildCustomOrg","        /* jslint-ignore-begin */","        local.assetsDict['/assets.npmtest_recess.rollup.js'] =","            local.assetsDict['/assets.npmtest_recess.rollup.js'] ||","            local.fs.readFileSync(","                local.npmtest_recess.__dirname + '/lib.npmtest_recess.js',","                'utf8'","            ).replace((/^#!/), '//');","        /* jslint-ignore-end */","        local.assetsDict['/favicon.ico'] = local.assetsDict['/favicon.ico'] || '';","        // if $npm_config_timeout_exit exists,","        // then exit this process after $npm_config_timeout_exit ms","        if (Number(process.env.npm_config_timeout_exit)) {","            setTimeout(process.exit, Number(process.env.npm_config_timeout_exit));","        }","        // start server","        if (local.global.utility2_serverHttp1) {","            break;","        }","        process.env.PORT = process.env.PORT || '8081';","        console.error('server starting on port ' + process.env.PORT);","        local.http.createServer(function (request, response) {","            request.urlParsed = local.url.parse(request.url);","            if (local.assetsDict[request.urlParsed.pathname] !== undefined) {","                response.end(local.assetsDict[request.urlParsed.pathname]);","                return;","            }","            response.statusCode = 404;","            response.end();","        }).listen(process.env.PORT);","        break;","    }","}());",""],"l":{"26":2,"28":2,"33":2,"35":2,"37":2,"38":2,"39":2,"44":1,"51":2,"55":2,"59":2,"61":2,"69":1,"70":2,"76":2,"79":2,"82":2,"83":2,"85":1,"89":2,"92":1,"93":1,"94":1,"96":1,"97":1,"100":1,"101":1,"103":1,"106":1,"108":2,"114":1,"116":1,"118":1,"123":1,"124":2,"125":2,"126":3,"127":3,"128":3,"129":3,"130":1,"133":3,"134":3,"139":3,"143":1,"144":3,"145":1,"149":1,"150":1,"158":1,"160":1,"161":1,"162":1,"164":1,"166":1,"258":1,"259":1,"271":1,"274":6,"275":6,"277":1,"279":2,"281":1,"283":2,"288":1,"289":1,"291":1,"296":1,"303":1,"306":1,"307":1,"310":1,"311":1,"313":1,"314":1,"315":1,"316":1,"317":1,"318":1,"319":1,"321":1,"322":1,"324":1}},"/home/travis/build/npmtest/node-npmtest-recess/node_modules/recess/lib/index.js":{"path":"/home/travis/build/npmtest/node-npmtest-recess/node_modules/recess/lib/index.js","s":{"1":1,"2":1,"3":0,"4":0,"5":0,"6":0,"7":0,"8":0,"9":0,"10":0,"11":0,"12":0,"13":0,"14":0,"15":0,"16":0,"17":1,"18":0,"19":0,"20":0,"21":0,"22":0,"23":0,"24":0,"25":0,"26":1,"27":1,"28":1,"29":0,"30":0,"31":0,"32":0,"33":0,"34":0},"b":{"1":[0,0],"2":[0,0],"3":[0,0],"4":[0,0],"5":[0,0],"6":[0,0],"7":[0,0],"8":[0,0,0],"9":[0,0],"10":[0,0,0],"11":[0,0],"12":[0,0],"13":[0,0],"14":[0,0],"15":[0,0]},"f":{"1":0,"2":0,"3":0,"4":0,"5":0},"fnMap":{"1":{"name":"(anonymous_1)","line":17,"loc":{"start":{"line":17,"column":17},"end":{"line":17,"column":53}}},"2":{"name":"recess","line":47,"loc":{"start":{"line":47,"column":2},"end":{"line":47,"column":35}}},"3":{"name":"(anonymous_3)","line":54,"loc":{"start":{"line":54,"column":11},"end":{"line":54,"column":24}}},"4":{"name":"(anonymous_4)","line":57,"loc":{"start":{"line":57,"column":14},"end":{"line":57,"column":27}}},"5":{"name":"(anonymous_5)","line":98,"loc":{"start":{"line":98,"column":22},"end":{"line":98,"column":34}}}},"statementMap":{"1":{"start":{"line":13,"column":0},"end":{"line":14,"column":30}},"2":{"start":{"line":17,"column":0},"end":{"line":70,"column":1}},"3":{"start":{"line":19,"column":2},"end":{"line":19,"column":40}},"4":{"start":{"line":22,"column":2},"end":{"line":22,"column":25}},"5":{"start":{"line":25,"column":2},"end":{"line":25,"column":74}},"6":{"start":{"line":25,"column":36},"end":{"line":25,"column":74}},"7":{"start":{"line":28,"column":2},"end":{"line":28,"column":47}},"8":{"start":{"line":28,"column":32},"end":{"line":28,"column":47}},"9":{"start":{"line":31,"column":2},"end":{"line":31,"column":59}},"10":{"start":{"line":31,"column":31},"end":{"line":31,"column":59}},"11":{"start":{"line":34,"column":2},"end":{"line":34,"column":46}},"12":{"start":{"line":37,"column":2},"end":{"line":37,"column":79}},"13":{"start":{"line":40,"column":2},"end":{"line":44,"column":3}},"14":{"start":{"line":41,"column":4},"end":{"line":41,"column":98}},"15":{"start":{"line":42,"column":4},"end":{"line":42,"column":58}},"16":{"start":{"line":43,"column":4},"end":{"line":43,"column":24}},"17":{"start":{"line":47,"column":2},"end":{"line":66,"column":3}},"18":{"start":{"line":48,"column":4},"end":{"line":50,"column":5}},"19":{"start":{"line":49,"column":6},"end":{"line":49,"column":62}},"20":{"start":{"line":53,"column":4},"end":{"line":59,"column":8}},"21":{"start":{"line":55,"column":8},"end":{"line":55,"column":42}},"22":{"start":{"line":58,"column":8},"end":{"line":58,"column":16}},"23":{"start":{"line":62,"column":4},"end":{"line":62,"column":36}},"24":{"start":{"line":65,"column":4},"end":{"line":65,"column":40}},"25":{"start":{"line":69,"column":2},"end":{"line":69,"column":14}},"26":{"start":{"line":73,"column":0},"end":{"line":91,"column":1}},"27":{"start":{"line":95,"column":0},"end":{"line":95,"column":35}},"28":{"start":{"line":98,"column":0},"end":{"line":104,"column":1}},"29":{"start":{"line":99,"column":2},"end":{"line":99,"column":101}},"30":{"start":{"line":100,"column":2},"end":{"line":100,"column":25}},"31":{"start":{"line":101,"column":2},"end":{"line":101,"column":66}},"32":{"start":{"line":101,"column":38},"end":{"line":101,"column":66}},"33":{"start":{"line":102,"column":2},"end":{"line":102,"column":115}},"34":{"start":{"line":103,"column":2},"end":{"line":103,"column":65}}},"branchMap":{"1":{"line":22,"type":"binary-expr","locations":[{"start":{"line":22,"column":12},"end":{"line":22,"column":19}},{"start":{"line":22,"column":23},"end":{"line":22,"column":25}}]},"2":{"line":25,"type":"if","locations":[{"start":{"line":25,"column":2},"end":{"line":25,"column":2}},{"start":{"line":25,"column":2},"end":{"line":25,"column":2}}]},"3":{"line":25,"type":"binary-expr","locations":[{"start":{"line":25,"column":37},"end":{"line":25,"column":55}},{"start":{"line":25,"column":61},"end":{"line":25,"column":73}}]},"4":{"line":28,"type":"if","locations":[{"start":{"line":28,"column":2},"end":{"line":28,"column":2}},{"start":{"line":28,"column":2},"end":{"line":28,"column":2}}]},"5":{"line":31,"type":"if","locations":[{"start":{"line":31,"column":2},"end":{"line":31,"column":2}},{"start":{"line":31,"column":2},"end":{"line":31,"column":2}}]},"6":{"line":31,"type":"binary-expr","locations":[{"start":{"line":31,"column":6},"end":{"line":31,"column":12}},{"start":{"line":31,"column":16},"end":{"line":31,"column":29}}]},"7":{"line":34,"type":"binary-expr","locations":[{"start":{"line":34,"column":2},"end":{"line":34,"column":18}},{"start":{"line":34,"column":23},"end":{"line":34,"column":45}}]},"8":{"line":37,"type":"binary-expr","locations":[{"start":{"line":37,"column":2},"end":{"line":37,"column":16}},{"start":{"line":37,"column":21},"end":{"line":37,"column":48}},{"start":{"line":37,"column":54},"end":{"line":37,"column":78}}]},"9":{"line":40,"type":"if","locations":[{"start":{"line":40,"column":2},"end":{"line":40,"column":2}},{"start":{"line":40,"column":2},"end":{"line":40,"column":2}}]},"10":{"line":40,"type":"binary-expr","locations":[{"start":{"line":40,"column":6},"end":{"line":40,"column":22}},{"start":{"line":40,"column":26},"end":{"line":40,"column":37}},{"start":{"line":40,"column":41},"end":{"line":40,"column":59}}]},"11":{"line":42,"type":"binary-expr","locations":[{"start":{"line":42,"column":4},"end":{"line":42,"column":23}},{"start":{"line":42,"column":28},"end":{"line":42,"column":57}}]},"12":{"line":48,"type":"if","locations":[{"start":{"line":48,"column":4},"end":{"line":48,"column":4}},{"start":{"line":48,"column":4},"end":{"line":48,"column":4}}]},"13":{"line":55,"type":"binary-expr","locations":[{"start":{"line":55,"column":15},"end":{"line":55,"column":30}},{"start":{"line":55,"column":34},"end":{"line":55,"column":42}}]},"14":{"line":62,"type":"cond-expr","locations":[{"start":{"line":62,"column":23},"end":{"line":62,"column":29}},{"start":{"line":62,"column":32},"end":{"line":62,"column":36}}]},"15":{"line":65,"type":"binary-expr","locations":[{"start":{"line":65,"column":4},"end":{"line":65,"column":12}},{"start":{"line":65,"column":16},"end":{"line":65,"column":40}}]}},"code":["// ==========================================","// RECESS","// INDEX: The root api definition","// ==========================================","// Copyright 2012 Twitter, Inc","// Licensed under the Apache License v2.0","// http://www.apache.org/licenses/LICENSE-2.0","// ==========================================","","'use strict'","","// require core","var RECESS = require('./core')","  , colors = require('colors')","","// define main export","module.exports = function (paths, options, callback) {","","  var option, message, i, instances = []","","  // if no options default to empty object","  options = options || {}","","  // if options is a function, set to callback and set options to {}","  if (typeof options == 'function') (callback = options) && (options = {})","","  // if single path, convert to array","  if (typeof paths == 'string') paths = [paths]","","  // there were no paths, show the docs","  if (!paths || !paths.length) return module.exports.docs()","","  // if a compress flag is present, we automatically make compile flag true","  options.compress && (options.compile = true)","","  // if format is set to compact, automatically set noSummary","  options.format && (options.format == 'compact') && (options.noSummary = true)","","  // if not compiling, let user know which files will be linted","  if (!options.compile && options.cli && !options.noSummary) {","    message = \"\\nAnalyzing the following files: \" + ((paths + '').replace(/,/g, ', ') + '\\n').grey","    options.stripColors && (message = message.stripColors)","    console.log(message)","  }","","  // for each path, create a new RECESS instance","  function recess(init, path, err) {","    if (path = paths.shift()) {","      return instances.push(new RECESS(path, options, recess))","    }","","    // map/filter for errors","    err = instances","      .map(function (i) {","        return i.errors.length && i.errors","      })","      .filter(function (i) {","        return i","      })","","    // if no error, set explicitly to null","    err = err.length ? err[0] : null","","    //callback","    callback && callback(err, instances)","  }","","  // start processing paths","  recess(true)","}","","// default options","module.exports.DEFAULTS = RECESS.DEFAULTS = {","  compile: false",", compress: false",", config: false",", format: 'text'",", includePath: []",", noIDs: true",", noJSPrefix: true",", noOverqualifying: true",", noSummary: false",", noUnderscores: true",", noUniversalSelectors: true",", prefixWhitespace: true",", strictPropertyOrder: true",", stripColors: false",", watch: false",", zeroUnits: true",", inlineImages: false","}","","","// expose RAW RECESS class","module.exports.Constructor = RECESS","","// expose docs","module.exports.docs = function () {","  console.log(\"\\nGENERAL USE: \" + \"$\".grey + \" recess\".cyan + \" [path] \".yellow + \"[options]\\n\".grey)","  console.log(\"OPTIONS:\")","  for (var option in RECESS.DEFAULTS) console.log('  --' + option)","  console.log(\"\\nEXAMPLE:\\n\\n\" + \"  $\".grey + \" recess\".cyan + \" ./bootstrap.css \".yellow + \"--noIDs false\\n\".grey)","  console.log('GENERAL HELP: ' + 'http://git.io/recess\\n'.yellow)","}",""],"l":{"13":1,"17":1,"19":0,"22":0,"25":0,"28":0,"31":0,"34":0,"37":0,"40":0,"41":0,"42":0,"43":0,"47":1,"48":0,"49":0,"53":0,"55":0,"58":0,"62":0,"65":0,"69":0,"73":1,"95":1,"98":1,"99":0,"100":0,"101":0,"102":0,"103":0}},"/home/travis/build/npmtest/node-npmtest-recess/node_modules/recess/lib/core.js":{"path":"/home/travis/build/npmtest/node-npmtest-recess/node_modules/recess/lib/core.js","s":{"1":1,"2":1,"3":1,"4":1,"5":1,"6":1,"7":1,"8":1,"9":1,"10":1,"11":0,"12":1,"13":1,"14":0,"15":0,"16":0,"17":0,"18":0,"19":0,"20":0,"21":0,"22":0,"23":0,"24":0,"25":0,"26":0,"27":0,"28":0,"29":0,"30":0,"31":0,"32":0,"33":0,"34":0,"35":0,"36":0,"37":0,"38":0,"39":0,"40":0,"41":0,"42":0,"43":1,"44":1,"45":17,"46":1,"47":827,"48":1,"49":0,"50":1,"51":17,"52":1,"53":1,"54":1,"55":0,"56":0,"57":0,"58":0,"59":0,"60":0,"61":0,"62":0,"63":0,"64":0,"65":0,"66":0,"67":0,"68":0,"69":0,"70":0,"71":0,"72":0,"73":0,"74":0,"75":0,"76":0,"77":0,"78":0,"79":0,"80":0,"81":0,"82":0,"83":1,"84":1,"85":8,"86":11,"87":8,"88":1,"89":1,"90":4,"91":5,"92":4,"93":1},"b":{"1":[1,0],"2":[0,1],"3":[1,0],"4":[1,0],"5":[0,1],"6":[0,0],"7":[0,0],"8":[0,0],"9":[0,0],"10":[0,0],"11":[0,0],"12":[0,0],"13":[0,0],"14":[0,0],"15":[0,0],"16":[0,0],"17":[0,0],"18":[17,10,3],"19":[0,1],"20":[0,1],"21":[17,10,3],"22":[1,1],"23":[0,0,0,0],"24":[0,0],"25":[0,0],"26":[0,0],"27":[0,0],"28":[0,0],"29":[0,0],"30":[0,0],"31":[0,0,0],"32":[0,0]},"f":{"1":1,"2":1,"3":0,"4":0,"5":0,"6":0,"7":0,"8":1,"9":17,"10":827,"11":17,"12":0,"13":0,"14":0,"15":0,"16":0,"17":0,"18":8,"19":11,"20":4,"21":5},"fnMap":{"1":{"name":"RECESS","line":20,"loc":{"start":{"line":20,"column":0},"end":{"line":20,"column":41}}},"2":{"name":"(anonymous_2)","line":34,"loc":{"start":{"line":34,"column":7},"end":{"line":34,"column":29}}},"3":{"name":"(anonymous_3)","line":45,"loc":{"start":{"line":45,"column":8},"end":{"line":45,"column":20}}},"4":{"name":"(anonymous_4)","line":49,"loc":{"start":{"line":49,"column":35},"end":{"line":49,"column":56}}},"5":{"name":"(anonymous_5)","line":67,"loc":{"start":{"line":67,"column":9},"end":{"line":67,"column":21}}},"6":{"name":"(anonymous_6)","line":82,"loc":{"start":{"line":82,"column":26},"end":{"line":82,"column":47}}},"7":{"name":"(anonymous_7)","line":97,"loc":{"start":{"line":97,"column":47},"end":{"line":97,"column":70}}},"8":{"name":"(anonymous_8)","line":148,"loc":{"start":{"line":148,"column":11},"end":{"line":148,"column":23}}},"9":{"name":"(anonymous_9)","line":154,"loc":{"start":{"line":154,"column":38},"end":{"line":154,"column":53}}},"10":{"name":"(anonymous_10)","line":161,"loc":{"start":{"line":161,"column":31},"end":{"line":161,"column":46}}},"11":{"name":"(anonymous_11)","line":169,"loc":{"start":{"line":169,"column":48},"end":{"line":169,"column":63}}},"12":{"name":"(anonymous_12)","line":185,"loc":{"start":{"line":185,"column":12},"end":{"line":185,"column":24}}},"13":{"name":"(anonymous_13)","line":204,"loc":{"start":{"line":204,"column":8},"end":{"line":204,"column":30}}},"14":{"name":"(anonymous_14)","line":223,"loc":{"start":{"line":223,"column":18},"end":{"line":223,"column":36}}},"15":{"name":"(anonymous_15)","line":241,"loc":{"start":{"line":241,"column":20},"end":{"line":241,"column":35}}},"16":{"name":"(anonymous_16)","line":245,"loc":{"start":{"line":245,"column":20},"end":{"line":245,"column":35}}},"17":{"name":"(anonymous_17)","line":252,"loc":{"start":{"line":252,"column":31},"end":{"line":252,"column":46}}},"18":{"name":"(anonymous_18)","line":275,"loc":{"start":{"line":275,"column":53},"end":{"line":275,"column":69}}},"19":{"name":"(anonymous_19)","line":277,"loc":{"start":{"line":277,"column":28},"end":{"line":277,"column":42}}},"20":{"name":"(anonymous_20)","line":285,"loc":{"start":{"line":285,"column":56},"end":{"line":285,"column":72}}},"21":{"name":"(anonymous_21)","line":287,"loc":{"start":{"line":287,"column":28},"end":{"line":287,"column":42}}}},"statementMap":{"1":{"start":{"line":12,"column":0},"end":{"line":17,"column":22}},"2":{"start":{"line":20,"column":0},"end":{"line":27,"column":1}},"3":{"start":{"line":21,"column":2},"end":{"line":21,"column":18}},"4":{"start":{"line":22,"column":2},"end":{"line":22,"column":18}},"5":{"start":{"line":23,"column":2},"end":{"line":23,"column":18}},"6":{"start":{"line":24,"column":2},"end":{"line":24,"column":55}},"7":{"start":{"line":25,"column":2},"end":{"line":25,"column":21}},"8":{"start":{"line":26,"column":2},"end":{"line":26,"column":26}},"9":{"start":{"line":30,"column":0},"end":{"line":270,"column":1}},"10":{"start":{"line":36,"column":4},"end":{"line":36,"column":55}},"11":{"start":{"line":36,"column":34},"end":{"line":36,"column":55}},"12":{"start":{"line":39,"column":4},"end":{"line":41,"column":5}},"13":{"start":{"line":40,"column":6},"end":{"line":40,"column":65}},"14":{"start":{"line":46,"column":4},"end":{"line":46,"column":19}},"15":{"start":{"line":49,"column":4},"end":{"line":64,"column":6}},"16":{"start":{"line":52,"column":6},"end":{"line":56,"column":7}},"17":{"start":{"line":53,"column":8},"end":{"line":53,"column":29}},"18":{"start":{"line":54,"column":8},"end":{"line":54,"column":82}},"19":{"start":{"line":55,"column":8},"end":{"line":55,"column":47}},"20":{"start":{"line":59,"column":6},"end":{"line":59,"column":22}},"21":{"start":{"line":62,"column":6},"end":{"line":62,"column":18}},"22":{"start":{"line":68,"column":4},"end":{"line":73,"column":9}},"23":{"start":{"line":76,"column":4},"end":{"line":145,"column":5}},"24":{"start":{"line":79,"column":6},"end":{"line":126,"column":10}},"25":{"start":{"line":84,"column":10},"end":{"line":106,"column":11}},"26":{"start":{"line":86,"column":12},"end":{"line":86,"column":33}},"27":{"start":{"line":88,"column":12},"end":{"line":94,"column":13}},"28":{"start":{"line":90,"column":14},"end":{"line":90,"column":95}},"29":{"start":{"line":93,"column":14},"end":{"line":93,"column":111}},"30":{"start":{"line":97,"column":12},"end":{"line":99,"column":14}},"31":{"start":{"line":98,"column":14},"end":{"line":98,"column":61}},"32":{"start":{"line":102,"column":12},"end":{"line":102,"column":25}},"33":{"start":{"line":105,"column":12},"end":{"line":105,"column":51}},"34":{"start":{"line":109,"column":10},"end":{"line":119,"column":11}},"35":{"start":{"line":112,"column":12},"end":{"line":112,"column":38}},"36":{"start":{"line":115,"column":12},"end":{"line":115,"column":30}},"37":{"start":{"line":118,"column":12},"end":{"line":118,"column":31}},"38":{"start":{"line":122,"column":10},"end":{"line":122,"column":39}},"39":{"start":{"line":125,"column":10},"end":{"line":125,"column":65}},"40":{"start":{"line":132,"column":6},"end":{"line":132,"column":27}},"41":{"start":{"line":135,"column":6},"end":{"line":141,"column":7}},"42":{"start":{"line":144,"column":6},"end":{"line":144,"column":38}},"43":{"start":{"line":149,"column":4},"end":{"line":151,"column":11}},"44":{"start":{"line":154,"column":4},"end":{"line":158,"column":6}},"45":{"start":{"line":155,"column":6},"end":{"line":157,"column":46}},"46":{"start":{"line":161,"column":4},"end":{"line":163,"column":46}},"47":{"start":{"line":162,"column":6},"end":{"line":162,"column":82}},"48":{"start":{"line":166,"column":4},"end":{"line":166,"column":76}},"49":{"start":{"line":166,"column":31},"end":{"line":166,"column":76}},"50":{"start":{"line":169,"column":4},"end":{"line":173,"column":6}},"51":{"start":{"line":170,"column":6},"end":{"line":172,"column":38}},"52":{"start":{"line":176,"column":4},"end":{"line":176,"column":39}},"53":{"start":{"line":179,"column":4},"end":{"line":179,"column":23}},"54":{"start":{"line":182,"column":4},"end":{"line":182,"column":36}},"55":{"start":{"line":186,"column":4},"end":{"line":187,"column":11}},"56":{"start":{"line":190,"column":4},"end":{"line":198,"column":5}},"57":{"start":{"line":193,"column":6},"end":{"line":196,"column":26}},"58":{"start":{"line":201,"column":4},"end":{"line":201,"column":31}},"59":{"start":{"line":205,"column":4},"end":{"line":211,"column":9}},"60":{"start":{"line":214,"column":4},"end":{"line":217,"column":5}},"61":{"start":{"line":215,"column":6},"end":{"line":215,"column":31}},"62":{"start":{"line":216,"column":6},"end":{"line":216,"column":54}},"63":{"start":{"line":216,"column":39},"end":{"line":216,"column":54}},"64":{"start":{"line":220,"column":4},"end":{"line":220,"column":18}},"65":{"start":{"line":224,"column":4},"end":{"line":226,"column":17}},"66":{"start":{"line":228,"column":4},"end":{"line":264,"column":5}},"67":{"start":{"line":231,"column":6},"end":{"line":231,"column":48}},"68":{"start":{"line":233,"column":6},"end":{"line":238,"column":7}},"69":{"start":{"line":235,"column":8},"end":{"line":235,"column":43}},"70":{"start":{"line":236,"column":8},"end":{"line":236,"column":47}},"71":{"start":{"line":237,"column":8},"end":{"line":237,"column":93}},"72":{"start":{"line":240,"column":6},"end":{"line":249,"column":7}},"73":{"start":{"line":241,"column":8},"end":{"line":243,"column":9}},"74":{"start":{"line":242,"column":10},"end":{"line":242,"column":66}},"75":{"start":{"line":245,"column":8},"end":{"line":248,"column":9}},"76":{"start":{"line":246,"column":10},"end":{"line":246,"column":31}},"77":{"start":{"line":247,"column":10},"end":{"line":247,"column":53}},"78":{"start":{"line":252,"column":6},"end":{"line":258,"column":8}},"79":{"start":{"line":255,"column":8},"end":{"line":257,"column":42}},"80":{"start":{"line":262,"column":6},"end":{"line":262,"column":41}},"81":{"start":{"line":263,"column":6},"end":{"line":263,"column":48}},"82":{"start":{"line":267,"column":4},"end":{"line":267,"column":36}},"83":{"start":{"line":273,"column":0},"end":{"line":273,"column":17}},"84":{"start":{"line":275,"column":0},"end":{"line":280,"column":2}},"85":{"start":{"line":276,"column":2},"end":{"line":278,"column":25}},"86":{"start":{"line":277,"column":44},"end":{"line":277,"column":85}},"87":{"start":{"line":279,"column":2},"end":{"line":279,"column":71}},"88":{"start":{"line":283,"column":0},"end":{"line":283,"column":21}},"89":{"start":{"line":285,"column":0},"end":{"line":290,"column":2}},"90":{"start":{"line":286,"column":2},"end":{"line":288,"column":25}},"91":{"start":{"line":287,"column":44},"end":{"line":287,"column":85}},"92":{"start":{"line":289,"column":2},"end":{"line":289,"column":78}},"93":{"start":{"line":293,"column":0},"end":{"line":293,"column":23}}},"branchMap":{"1":{"line":25,"type":"binary-expr","locations":[{"start":{"line":25,"column":2},"end":{"line":25,"column":6}},{"start":{"line":25,"column":10},"end":{"line":25,"column":21}}]},"2":{"line":36,"type":"if","locations":[{"start":{"line":36,"column":4},"end":{"line":36,"column":4}},{"start":{"line":36,"column":4},"end":{"line":36,"column":4}}]},"3":{"line":39,"type":"if","locations":[{"start":{"line":39,"column":4},"end":{"line":39,"column":4}},{"start":{"line":39,"column":4},"end":{"line":39,"column":4}}]},"4":{"line":39,"type":"binary-expr","locations":[{"start":{"line":39,"column":8},"end":{"line":39,"column":29}},{"start":{"line":39,"column":33},"end":{"line":39,"column":38}}]},"5":{"line":40,"type":"cond-expr","locations":[{"start":{"line":40,"column":25},"end":{"line":40,"column":41}},{"start":{"line":40,"column":44},"end":{"line":40,"column":65}}]},"6":{"line":52,"type":"if","locations":[{"start":{"line":52,"column":6},"end":{"line":52,"column":6}},{"start":{"line":52,"column":6},"end":{"line":52,"column":6}}]},"7":{"line":55,"type":"binary-expr","locations":[{"start":{"line":55,"column":15},"end":{"line":55,"column":28}},{"start":{"line":55,"column":32},"end":{"line":55,"column":47}}]},"8":{"line":72,"type":"binary-expr","locations":[{"start":{"line":72,"column":20},"end":{"line":72,"column":29}},{"start":{"line":72,"column":33},"end":{"line":72,"column":68}}]},"9":{"line":84,"type":"if","locations":[{"start":{"line":84,"column":10},"end":{"line":84,"column":10}},{"start":{"line":84,"column":10},"end":{"line":84,"column":10}}]},"10":{"line":88,"type":"if","locations":[{"start":{"line":88,"column":12},"end":{"line":88,"column":12}},{"start":{"line":88,"column":12},"end":{"line":88,"column":12}}]},"11":{"line":90,"type":"cond-expr","locations":[{"start":{"line":90,"column":60},"end":{"line":90,"column":81}},{"start":{"line":90,"column":84},"end":{"line":90,"column":86}}]},"12":{"line":97,"type":"binary-expr","locations":[{"start":{"line":97,"column":12},"end":{"line":97,"column":23}},{"start":{"line":97,"column":27},"end":{"line":99,"column":14}}]},"13":{"line":105,"type":"binary-expr","locations":[{"start":{"line":105,"column":19},"end":{"line":105,"column":32}},{"start":{"line":105,"column":36},"end":{"line":105,"column":51}}]},"14":{"line":109,"type":"if","locations":[{"start":{"line":109,"column":10},"end":{"line":109,"column":10}},{"start":{"line":109,"column":10},"end":{"line":109,"column":10}}]},"15":{"line":109,"type":"binary-expr","locations":[{"start":{"line":109,"column":14},"end":{"line":109,"column":37}},{"start":{"line":109,"column":41},"end":{"line":109,"column":53}}]},"16":{"line":125,"type":"cond-expr","locations":[{"start":{"line":125,"column":33},"end":{"line":125,"column":47}},{"start":{"line":125,"column":50},"end":{"line":125,"column":65}}]},"17":{"line":144,"type":"binary-expr","locations":[{"start":{"line":144,"column":6},"end":{"line":144,"column":19}},{"start":{"line":144,"column":23},"end":{"line":144,"column":38}}]},"18":{"line":155,"type":"binary-expr","locations":[{"start":{"line":155,"column":6},"end":{"line":155,"column":23}},{"start":{"line":156,"column":11},"end":{"line":156,"column":32}},{"start":{"line":157,"column":11},"end":{"line":157,"column":46}}]},"19":{"line":163,"type":"cond-expr","locations":[{"start":{"line":163,"column":36},"end":{"line":163,"column":38}},{"start":{"line":163,"column":41},"end":{"line":163,"column":45}}]},"20":{"line":166,"type":"if","locations":[{"start":{"line":166,"column":4},"end":{"line":166,"column":4}},{"start":{"line":166,"column":4},"end":{"line":166,"column":4}}]},"21":{"line":170,"type":"binary-expr","locations":[{"start":{"line":170,"column":6},"end":{"line":170,"column":23}},{"start":{"line":171,"column":11},"end":{"line":171,"column":32}},{"start":{"line":172,"column":11},"end":{"line":172,"column":38}}]},"22":{"line":182,"type":"binary-expr","locations":[{"start":{"line":182,"column":4},"end":{"line":182,"column":17}},{"start":{"line":182,"column":21},"end":{"line":182,"column":36}}]},"23":{"line":193,"type":"binary-expr","locations":[{"start":{"line":193,"column":6},"end":{"line":193,"column":23}},{"start":{"line":194,"column":11},"end":{"line":194,"column":28}},{"start":{"line":195,"column":11},"end":{"line":195,"column":40}},{"start":{"line":196,"column":12},"end":{"line":196,"column":25}}]},"24":{"line":216,"type":"if","locations":[{"start":{"line":216,"column":6},"end":{"line":216,"column":6}},{"start":{"line":216,"column":6},"end":{"line":216,"column":6}}]},"25":{"line":228,"type":"if","locations":[{"start":{"line":228,"column":4},"end":{"line":228,"column":4}},{"start":{"line":228,"column":4},"end":{"line":228,"column":4}}]},"26":{"line":233,"type":"if","locations":[{"start":{"line":233,"column":6},"end":{"line":233,"column":6}},{"start":{"line":233,"column":6},"end":{"line":233,"column":6}}]},"27":{"line":237,"type":"cond-expr","locations":[{"start":{"line":237,"column":67},"end":{"line":237,"column":70}},{"start":{"line":237,"column":73},"end":{"line":237,"column":75}}]},"28":{"line":240,"type":"if","locations":[{"start":{"line":240,"column":6},"end":{"line":240,"column":6}},{"start":{"line":240,"column":6},"end":{"line":240,"column":6}}]},"29":{"line":240,"type":"binary-expr","locations":[{"start":{"line":240,"column":10},"end":{"line":240,"column":29}},{"start":{"line":240,"column":33},"end":{"line":240,"column":65}}]},"30":{"line":247,"type":"binary-expr","locations":[{"start":{"line":247,"column":10},"end":{"line":247,"column":21}},{"start":{"line":247,"column":25},"end":{"line":247,"column":53}}]},"31":{"line":255,"type":"binary-expr","locations":[{"start":{"line":255,"column":8},"end":{"line":255,"column":18}},{"start":{"line":256,"column":13},"end":{"line":256,"column":30}},{"start":{"line":257,"column":13},"end":{"line":257,"column":42}}]},"32":{"line":267,"type":"binary-expr","locations":[{"start":{"line":267,"column":4},"end":{"line":267,"column":17}},{"start":{"line":267,"column":21},"end":{"line":267,"column":36}}]}},"code":["// ==========================================","// RECESS","// CORE: The core class definition","// ==========================================","// Copyright 2012 Twitter, Inc","// Licensed under the Apache License v2.0","// http://www.apache.org/licenses/LICENSE-2.0","// ==========================================","","'use strict'","","var _ = require('underscore')","  , colors = require('colors')","  , less = require('less')","  , util = require('./util')","  , path = require('path')","  , fs = require('fs')","","// core class defintion","function RECESS(path, options, callback) {","  this.path = path","  this.output = []","  this.errors = []","  this.options = _.extend({}, RECESS.DEFAULTS, options)","  path && this.read()","  this.callback = callback","}","","// instance methods","RECESS.prototype = {","","  constructor: RECESS","",", log: function (str, force) {","","    if (this.options.stripColors) str = str.stripColors","","    // if compiling only write with force flag","    if (!this.options.compile || force) {","      this.options.cli ? console.log(str) : this.output.push(str)","    }","","  }","",", read: function () {","    var that = this","","    // try to read data from path","    fs.readFile(this.path, 'utf8', function (err, data) {","","      //  if err, exit with could not read message","      if (err) {","        that.errors.push(err)","        that.log('Error reading file: '.red + String(that.path).grey + '\\n', true)","        return that.callback && that.callback()","      }","","      // set instance data","      that.data = data","","      // parse data","      that.parse()","","    })","  }","",", parse: function () {","    var that = this","      , options = {","          paths: [path.dirname(this.path)].concat(this.options.includePath)","        , optimization: 0","        , filename: this.path && this.path.replace(/.*(?=\\/)\\//, '')","        }","","    // try to parse with less parser","    try {","","      // instantiate new parser with options","      new less.Parser(options)","","        // parse data into tree","        .parse(this.data, function (err, tree) {","","          if (err) {","            // push to errors array","            that.errors.push(err)","","            if (err.type == 'Parse') {","              // parse error","              that.log(\"Parser error\".red + (err.filename ? ' in ' + err.filename : '') + '\\n')","            } else {","              // other exception","              that.log(String(err.name).red + \": \" + err.message + ' of ' + String(err.filename).yellow + '\\n')","            }","","            // if extract - then log it","            err.extract && err.extract.forEach(function (line, index) {","              that.log(util.padLine(err.line + index) + line)","            })","","            // add extra line for readability after error log","            that.log(\" \")","","            // exit with callback if present","            return that.callback && that.callback()","          }","","          // test to see if file has a less extension","          if (/less$/.test(that.path) && !that.parsed) {","","            // if it's a LESS file, we flatten it","            that.data = tree.toCSS({})","","            // set parse to true so as to not infinitely reparse less files","            that.parsed = true","","            // reparse less file","            return that.parse()","          }","","          // set definitions to parse tree","          that.definitions = tree.rules","","          // validation defintions","          that.options.compile ? that.compile() : that.validate()","        })","","    } catch (err) {","","      // less exploded trying to parse the file (╯°□°）╯︵ ┻━┻","      // push to errors array","      that.errors.push(err)","","      // log a message trying to explain why","      that.log(","          \"Parse error\".red","        + \": \"","        + err.message","        + \" on line \"","        + util.getLine(err.index, this.data)","      )","","      // exit with callback if present","      this.callback && this.callback()","    }","  }","",",
[...]
":"(anonymous_3)","line":44,"loc":{"start":{"line":44,"column":21},"end":{"line":44,"column":33}}}},"statementMap":{"1":{"start":{"line":12,"column":0},"end":{"line":16,"column":8}},"2":{"start":{"line":18,"column":0},"end":{"line":36,"column":1}},"3":{"start":{"line":20,"column":2},"end":{"line":20,"column":42}},"4":{"start":{"line":23,"column":2},"end":{"line":33,"column":3}},"5":{"start":{"line":24,"column":4},"end":{"line":30,"column":71}},"6":{"start":{"line":32,"column":4},"end":{"line":32,"column":50}},"7":{"start":{"line":35,"column":2},"end":{"line":35,"column":14}},"8":{"start":{"line":38,"column":0},"end":{"line":42,"column":1}},"9":{"start":{"line":39,"column":2},"end":{"line":39,"column":18}},"10":{"start":{"line":40,"column":2},"end":{"line":40,"column":41}},"11":{"start":{"line":41,"column":2},"end":{"line":41,"column":43}},"12":{"start":{"line":44,"column":0},"end":{"line":46,"column":1}},"13":{"start":{"line":45,"column":2},"end":{"line":45,"column":41}}},"branchMap":{"1":{"line":14,"type":"cond-expr","locations":[{"start":{"line":14,"column":48},"end":{"line":14,"column":52}},{"start":{"line":14,"column":55},"end":{"line":14,"column":58}}]},"2":{"line":23,"type":"if","locations":[{"start":{"line":23,"column":2},"end":{"line":23,"column":2}},{"start":{"line":23,"column":2},"end":{"line":23,"column":2}}]},"3":{"line":29,"type":"cond-expr","locations":[{"start":{"line":29,"column":57},"end":{"line":29,"column":65}},{"start":{"line":29,"column":66},"end":{"line":29,"column":69}}]}},"code":["// ==========================================","// RECESS","// COMPILE: replaces image links with base64 image data","// ==========================================","// Copyright 2012 Twitter, Inc","// Licensed under the Apache License v2.0","// http://www.apache.org/licenses/LICENSE-2.0","// ==========================================","","'use strict'","","var less = require('less')","  , fs = require('fs')","  , seperator = (process.platform == 'win32') ? '\\\\' : '/'","  , toCSS","  , path","","function compile () {","  // strip units from 0 values","  var props = toCSS.apply(this, arguments)","","  // do we have a url here?","  if (/url\\(/.test(props)) {","    var fileName = props.match(/url\\((['\"]?)(.*)\\1\\)/)[2]","      , ext = fileName.match(/[^.]*$/)[0]","      , mimetype = 'image/' + ext.replace(/jpg/, 'jpeg')","      , pathParts = path.split(seperator)","      , filePath = pathParts.slice(0, pathParts.length - 1).join(seperator)","      , imgBuffer = new Buffer(fs.readFileSync((filePath?filePath:'.')+seperator+fileName)).toString('base64')","      , urlData = 'url(data:' + mimetype + ';base64,' + imgBuffer + ')'","","    return props.replace(/url\\([^\\)]*\\)/, urlData)","  }","","  return props","}","","module.exports.on = function () {","  path = this.path","  toCSS = less.tree.Value.prototype.toCSS","  less.tree.Value.prototype.toCSS = compile","}","","module.exports.off = function () {","  less.tree.Value.prototype.toCSS = toCSS","}"],"l":{"12":1,"18":1,"20":0,"23":0,"24":0,"32":0,"35":0,"38":1,"39":0,"40":0,"41":0,"44":1,"45":0}},"/home/travis/build/npmtest/node-npmtest-recess/node_modules/recess/lib/compile/prefix-whitespace.js":{"path":"/home/travis/build/npmtest/node-npmtest-recess/node_modules/recess/lib/compile/prefix-whitespace.js","s":{"1":1,"2":1,"3":2176,"4":2176,"5":782,"6":1394,"7":0,"8":0,"9":0,"10":1394,"11":0,"12":0,"13":0,"14":0,"15":0,"16":0,"17":0,"18":0,"19":0,"20":0,"21":0,"22":1394,"23":1,"24":782,"25":2176,"26":782,"27":1,"28":1,"29":1,"30":1,"31":1},"b":{"1":[782,1394],"2":[2176,1394,1394],"3":[0,0],"4":[0,1394],"5":[0,0],"6":[0,0,0],"7":[0,0,0],"8":[0,0]},"f":{"1":2176,"2":782,"3":1,"4":1},"fnMap":{"1":{"name":"space","line":28,"loc":{"start":{"line":28,"column":0},"end":{"line":28,"column":25}}},"2":{"name":"compile","line":81,"loc":{"start":{"line":81,"column":0},"end":{"line":81,"column":32}}},"3":{"name":"(anonymous_3)","line":91,"loc":{"start":{"line":91,"column":20},"end":{"line":91,"column":32}}},"4":{"name":"(anonymous_4)","line":96,"loc":{"start":{"line":96,"column":21},"end":{"line":96,"column":33}}}},"statementMap":{"1":{"start":{"line":12,"column":0},"end":{"line":24,"column":120}},"2":{"start":{"line":28,"column":0},"end":{"line":79,"column":1}},"3":{"start":{"line":29,"column":2},"end":{"line":36,"column":13}},"4":{"start":{"line":39,"column":2},"end":{"line":39,"column":42}},"5":{"start":{"line":39,"column":36},"end":{"line":39,"column":42}},"6":{"start":{"line":42,"column":2},"end":{"line":47,"column":3}},"7":{"start":{"line":43,"column":4},"end":{"line":43,"column":21}},"8":{"start":{"line":46,"column":4},"end":{"line":46,"column":21}},"9":{"start":{"line":46,"column":15},"end":{"line":46,"column":21}},"10":{"start":{"line":50,"column":2},"end":{"line":75,"column":3}},"11":{"start":{"line":53,"column":4},"end":{"line":53,"column":51}},"12":{"start":{"line":54,"column":4},"end":{"line":54,"column":51}},"13":{"start":{"line":58,"column":4},"end":{"line":74,"column":5}},"14":{"start":{"line":61,"column":6},"end":{"line":61,"column":46}},"15":{"start":{"line":62,"column":6},"end":{"line":62,"column":51}},"16":{"start":{"line":65,"column":6},"end":{"line":65,"column":46}},"17":{"start":{"line":66,"column":6},"end":{"line":66,"column":51}},"18":{"start":{"line":69,"column":6},"end":{"line":72,"column":7}},"19":{"start":{"line":70,"column":8},"end":{"line":70,"column":35}},"20":{"start":{"line":71,"column":8},"end":{"line":71,"column":39}},"21":{"start":{"line":71,"column":26},"end":{"line":71,"column":39}},"22":{"start":{"line":78,"column":2},"end":{"line":78,"column":32}},"23":{"start":{"line":81,"column":0},"end":{"line":89,"column":1}},"24":{"start":{"line":83,"column":2},"end":{"line":85,"column":3}},"25":{"start":{"line":84,"column":4},"end":{"line":84,"column":24}},"26":{"start":{"line":88,"column":2},"end":{"line":88,"column":37}},"27":{"start":{"line":91,"column":0},"end":{"line":94,"column":1}},"28":{"start":{"line":92,"column":2},"end":{"line":92,"column":43}},"29":{"start":{"line":93,"column":2},"end":{"line":93,"column":45}},"30":{"start":{"line":96,"column":0},"end":{"line":98,"column":1}},"31":{"start":{"line":97,"column":2},"end":{"line":97,"column":43}}},"branchMap":{"1":{"line":39,"type":"if","locations":[{"start":{"line":39,"column":2},"end":{"line":39,"column":2}},{"start":{"line":39,"column":2},"end":{"line":39,"column":2}}]},"2":{"line":39,"type":"binary-expr","locations":[{"start":{"line":39,"column":6},"end":{"line":39,"column":11}},{"start":{"line":39,"column":15},"end":{"line":39,"column":20}},{"start":{"line":39,"column":24},"end":{"line":39,"column":34}}]},"3":{"line":46,"type":"if","locations":[{"start":{"line":46,"column":4},"end":{"line":46,"column":4}},{"start":{"line":46,"column":4},"end":{"line":46,"column":4}}]},"4":{"line":50,"type":"if","locations":[{"start":{"line":50,"column":2},"end":{"line":50,"column":2}},{"start":{"line":50,"column":2},"end":{"line":50,"column":2}}]},"5":{"line":58,"type":"if","locations":[{"start":{"line":58,"column":4},"end":{"line":58,"column":4}},{"start":{"line":58,"column":4},"end":{"line":58,"column":4}}]},"6":{"line":62,"type":"binary-expr","locations":[{"start":{"line":62,"column":17},"end":{"line":62,"column":24}},{"start":{"line":62,"column":28},"end":{"line":62,"column":45}},{"start":{"line":62,"column":50},"end":{"line":62,"column":51}}]},"7":{"line":66,"type":"binary-expr","locations":[{"start":{"line":66,"column":17},"end":{"line":66,"column":24}},{"start":{"line":66,"column":28},"end":{"line":66,"column":45}},{"start":{"line":66,"column":50},"end":{"line":66,"column":51}}]},"8":{"line":69,"type":"if","locations":[{"start":{"line":69,"column":6},"end":{"line":69,"column":6}},{"start":{"line":69,"column":6},"end":{"line":69,"column":6}}]}},"code":["// ==========================================","// RECESS","// COMPILE: whitespace for vendor prefixes","// ==========================================","// Copyright 2012 Twitter, Inc","// Licensed under the Apache License v2.0","// http://www.apache.org/licenses/LICENSE-2.0","// ==========================================","","'use strict'","","var less = require('less')","  , toCSS","","  // vendor prfixes","  , vendorPrefixes = [","    '-webkit-'","  , '-khtml-'","  , '-epub-'","  , '-moz-'","  , '-ms-'","  , '-o-'","  ]","  , VENDOR_PREFIX = new RegExp('^(\\\\s*(?:' + vendorPrefixes.join('|').replace(/[-[\\]{}()*+?.,\\\\^$#\\s]/g, \"\\\\$&\") + '))')","","","// space defintion","function space(rules, i) {","  var rule = rules[i]","    , j = i - 1","    , peek = rules[j]","    , result = ''","    , ruleRoot","    , peekRoot","    , ruleVal","    , peekVal","","  // skip if not peak, rule, or rule.name","  if (!peek || !rule || !rule.name) return","","  // if previous rule is not a css property, try searching up tree for nearest rule","  while (!peek.name) {","    peek = rules[j--]","","    // if none, then exit","    if (!peek) return","  }","","  // check to see if name has a vnedor prefix","  if (VENDOR_PREFIX.test(peek.name)) {","","    // strip vendor prefix from rule and prior rule","    ruleRoot = rule.name.replace(VENDOR_PREFIX, '')","    peekRoot = peek.name.replace(VENDOR_PREFIX, '')","","","    // if they share the same root calculate the offset in spacing","    if (ruleRoot === peekRoot) {","","      // calculate the rules val","      ruleVal = rule.name.match(VENDOR_PREFIX)","      ruleVal = (ruleVal && ruleVal[0].length) || 0","","      // calculate the peeks val","      peekVal = peek.name.match(VENDOR_PREFIX)","      peekVal = (peekVal && peekVal[0].length) || 0","","      // if peek has a value, offset the rule val","      if (peekVal) {","        ruleVal = peekVal - ruleVal","        while (ruleVal--) result += ' '","      }","","    }","  }","","  // prefix the rule with the white space offset","  rule.name = result + rule.name","}","","function compile (context, env) {","  // iterate over rules and space each property","  for (var i = 0; i < this.rules.length; i++) {","    space(this.rules, i)","  }","","  // apply to base CSS","  return toCSS.apply(this, arguments)","}","","module.exports.on = function () {","  toCSS = less.tree.Ruleset.prototype.toCSS","  less.tree.Ruleset.prototype.toCSS = compile","}","","module.exports.off = function () {","  less.tree.Ruleset.prototype.toCSS = toCSS","}"],"l":{"12":1,"28":1,"29":2176,"39":2176,"42":1394,"43":0,"46":0,"50":1394,"53":0,"54":0,"58":0,"61":0,"62":0,"65":0,"66":0,"69":0,"70":0,"71":0,"78":1394,"81":1,"83":782,"84":2176,"88":782,"91":1,"92":1,"93":1,"96":1,"97":1}},"/home/travis/build/npmtest/node-npmtest-recess/node_modules/recess/lib/compile/strict-property-order.js":{"path":"/home/travis/build/npmtest/node-npmtest-recess/node_modules/recess/lib/compile/strict-property-order.js","s":{"1":1,"2":1,"3":782,"4":782,"5":782,"6":345,"7":345,"8":345,"9":345,"10":782,"11":1,"12":1,"13":1,"14":1,"15":1},"b":{"1":[345,437],"2":[345,0]},"f":{"1":782,"2":1,"3":1},"fnMap":{"1":{"name":"compile","line":17,"loc":{"start":{"line":17,"column":0},"end":{"line":17,"column":32}}},"2":{"name":"(anonymous_2)","line":40,"loc":{"start":{"line":40,"column":20},"end":{"line":40,"column":32}}},"3":{"name":"(anonymous_3)","line":45,"loc":{"start":{"line":45,"column":21},"end":{"line":45,"column":33}}}},"statementMap":{"1":{"start":{"line":12,"column":0},"end":{"line":14,"column":9}},"2":{"start":{"line":17,"column":0},"end":{"line":38,"column":1}},"3":{"start":{"line":18,"column":2},"end":{"line":18,"column":7}},"4":{"start":{"line":21,"column":2},"end":{"line":21,"column":23}},"5":{"start":{"line":24,"column":2},"end":{"line":34,"column":3}},"6":{"start":{"line":25,"column":4},"end":{"line":33,"column":5}},"7":{"start":{"line":28,"column":6},"end":{"line":31,"column":7}},"8":{"start":{"line":29,"column":8},"end":{"line":29,"column":47}},"9":{"start":{"line":30,"column":8},"end":{"line":30,"column":13}},"10":{"start":{"line":37,"column":2},"end":{"line":37,"column":37}},"11":{"start":{"line":40,"column":0},"end":{"line":43,"column":1}},"12":{"start":{"line":41,"column":2},"end":{"line":41,"column":43}},"13":{"start":{"line":42,"column":2},"end":{"line":42,"column":45}},"14":{"start":{"line":45,"column":0},"end":{"line":47,"column":1}},"15":{"start":{"line":46,"column":2},"end":{"line":46,"column":43}}},"branchMap":{"1":{"line":24,"type":"if","locations":[{"start":{"line":24,"column":2},"end":{"line":24,"column":2}},{"start":{"line":24,"column":2},"end":{"line":24,"column":2}}]},"2":{"line":28,"type":"if","locations":[{"start":{"line":28,"column":6},"end":{"line":28,"column":6}},{"start":{"line":28,"column":6},"end":{"line":28,"column":6}}]}},"code":["// ==========================================","// RECESS","// COMPILE: automatically sort properties","// ==========================================","// Copyright 2012 Twitter, Inc","// Licensed under the Apache License v2.0","// http://www.apache.org/licenses/LICENSE-2.0","// ==========================================","","'use strict'","","var less = require('less')","  , order = require('../lint/strict-property-order')","  , toCSS","","","function compile (context, env) {","  var l","","  // test property order","  order(this, env.data)","","  // search errors for sortedRules property","  if (this.errors) {","    for (l = this.errors.length; l--;) {","","      // if sorted rule found apply it, then exit","      if (this.errors[l].sortedRules) {","        this.rules = this.errors[l].sortedRules","        break","      }","","    }","  }","","  // apply old toCSS method to updated object","  return toCSS.apply(this, arguments)","}","","module.exports.on = function () {","  toCSS = less.tree.Ruleset.prototype.toCSS","  less.tree.Ruleset.prototype.toCSS = compile","}","","module.exports.off = function () {","  less.tree.Ruleset.prototype.toCSS = toCSS","}"],"l":{"12":1,"17":1,"18":782,"21":782,"24":782,"25":345,"28":345,"29":345,"30":345,"37":782,"40":1,"41":1,"42":1,"45":1,"46":1}},"/home/travis/build/npmtest/node-npmtest-recess/node_modules/recess/lib/compile/zero-units.js":{"path":"/home/travis/build/npmtest/node-npmtest-recess/node_modules/recess/lib/compile/zero-units.js","s":{"1":1,"2":1,"3":3761,"4":3761,"5":1,"6":1,"7":1,"8":1,"9":1},"b":{"1":[567,3194]},"f":{"1":3761,"2":1,"3":1},"fnMap":{"1":{"name":"compile","line":27,"loc":{"start":{"line":27,"column":0},"end":{"line":27,"column":20}}},"2":{"name":"(anonymous_2)","line":35,"loc":{"start":{"line":35,"column":20},"end":{"line":35,"column":32}}},"3":{"name":"(anonymous_3)","line":40,"loc":{"start":{"line":40,"column":21},"end":{"line":40,"column":33}}}},"statementMap":{"1":{"start":{"line":12,"column":0},"end":{"line":25,"column":59}},"2":{"start":{"line":27,"column":0},"end":{"line":33,"column":1}},"3":{"start":{"line":29,"column":2},"end":{"line":29,"column":42}},"4":{"start":{"line":32,"column":2},"end":{"line":32,"column":60}},"5":{"start":{"line":35,"column":0},"end":{"line":38,"column":1}},"6":{"start":{"line":36,"column":2},"end":{"line":36,"column":41}},"7":{"start":{"line":37,"column":2},"end":{"line":37,"column":43}},"8":{"start":{"line":40,"column":0},"end":{"line":42,"column":1}},"9":{"start":{"line":41,"column":2},"end":{"line":41,"column":41}}},"branchMap":{"1":{"line":32,"type":"cond-expr","locations":[{"start":{"line":32,"column":27},"end":{"line":32,"column":32}},{"start":{"line":32,"column":35},"end":{"line":32,"column":60}}]}},"code":["// ==========================================","// RECESS","// COMPILE: remove units from 0 values","// ==========================================","// Copyright 2012 Twitter, Inc","// Licensed under the Apache License v2.0","// http://www.apache.org/licenses/LICENSE-2.0","// ==========================================","","'use strict'","","var less = require('less')","  , toCSS","  , units = [","      '%'","    , 'in'","    , 'cm'","    , 'mm'","    , 'em'","    , 'ex'","    , 'pt'","    , 'pc'","    , 'px'","    ]","  , UNITS = new RegExp('\\\\b0\\\\s?(' + units.join('|') + ')')","","function compile () {","  // strip units from 0 values","  var props = toCSS.apply(this, arguments)","","  // don't strip chars from hex codes","  return /#/.test(props) ? props : props.replace(UNITS, '0')","}","","module.exports.on = function () {","  toCSS = less.tree.Value.prototype.toCSS","  less.tree.Value.prototype.toCSS = compile","}","","module.exports.off = function () {","  less.tree.Value.prototype.toCSS = toCSS","}"],"l":{"12":1,"27":1,"29":3761,"32":3761,"35":1,"36":1,"37":1,"40":1,"41":1}},"/home/travis/build/npmtest/node-npmtest-recess/node_modules/recess/benchmark/index.js":{"path":"/home/travis/build/npmtest/node-npmtest-recess/node_modules/recess/benchmark/index.js","s":{"1":1,"2":1,"3":1,"4":1,"5":1,"6":1,"7":1,"8":1,"9":1,"10":1,"11":1,"12":1,"13":1,"14":1,"15":1,"16":1,"17":1,"18":1},"b":{},"f":{"1":1,"2":1,"3":1,"4":1},"fnMap":{"1":{"name":"(anonymous_1)","line":8,"loc":{"start":{"line":8,"column":26},"end":{"line":8,"column":45}}},"2":{"name":"(anonymous_2)","line":11,"loc":{"start":{"line":11,"column":54},"end":{"line":11,"column":75}}},"3":{"name":"(anonymous_3)","line":25,"loc":{"start":{"line":25,"column":55},"end":{"line":25,"column":76}}},"4":{"name":"(anonymous_4)","line":32,"loc":{"start":{"line":32,"column":24},"end":{"line":32,"column":36}}}},"statementMap":{"1":{"start":{"line":2,"column":0},"end":{"line":6,"column":49}},"2":{"start":{"line":8,"column":0},"end":{"line":47,"column":2}},"3":{"start":{"line":9,"column":4},"end":{"line":9,"column":23}},"4":{"start":{"line":11,"column":4},"end":{"line":46,"column":6}},"5":{"start":{"line":13,"column":6},"end":{"line":13,"column":24}},"6":{"start":{"line":14,"column":6},"end":{"line":14,"column":24}},"7":{"start":{"line":15,"column":6},"end":{"line":15,"column":22}},"8":{"start":{"line":17,"column":6},"end":{"line":23,"column":7}},"9":{"start":{"line":25,"column":6},"end":{"line":44,"column":8}},"10":{"start":{"line":27,"column":8},"end":{"line":27,"column":48}},"11":{"start":{"line":29,"column":8},"end":{"line":29,"column":23}},"12":{"start":{"line":30,"column":8},"end":{"line":30,"column":37}},"13":{"start":{"line":31,"column":8},"end":{"line":31,"column":26}},"14":{"start":{"line":32,"column":8},"end":{"line":41,"column":9}},"15":{"start":{"line":33,"column":10},"end":{"line":33,"column":26}},"16":{"start":{"line":34,"column":10},"end":{"line":40,"column":11}},"17":{"start":{"line":42,"column":8},"end":{"line":42,"column":26}},"18":{"start":{"line":43,"column":8},"end":{"line":43,"column":22}}},"branchMap":{},"code":["//#!/usr/bin/env node","var path = require('path')","  , fs = require('fs')","  , less = require('less')","  , recess = require('../lib')","  , file = path.join(__dirname, 'benchmark.less')","","fs.readFile(file, 'utf8', function (e, data) {","    var css, start, end","","    new(less.Parser)({ optimization: 2 }).parse(data, function (err, tree) {","","      start = new Date()","      css = tree.toCSS()","      end = new Date()","","      console.log(","          \"  LESS toCSS: \"","        + (end - start)","        + \" ms (\"","        + parseInt(1000 / (end - start) * data.length / 1024)","        + \" KB\\/s)\"","      )","","      new(less.Parser)({ optimization: 2 }).parse(css, function (err, tree) {","","        var play = new recess.Constructor(false)","","        play.data = css","        play.definitions = tree.rules","        play.path = 'less'","        play.callback = function () {","          end = new Date()","          console.log(","              \"RECESS toCSS: \"","            + (end - start)","            + \" ms (\"","            + parseInt(1000 / (end - start) * data.length / 1024)","            + \" KB\\/s)\"","          )","        }","        start = new Date()","        play.compile()","      })","","    })","})"],"l":{"2":1,"8":1,"9":1,"11":1,"13":1,"14":1,"15":1,"17":1,"25":1,"27":1,"29":1,"30":1,"31":1,"32":1,"33":1,"34":1,"42":1,"43":1}}}